Running prime number generator program on 30 CPU cores
/opt/conda/lib/python3.9/site-packages/scipy/__init__.py:146: UserWarning: A NumPy version >=1.16.5 and <1.23.0 is required for this version of SciPy (detected version 1.24.3
  warnings.warn(f"A NumPy version >={np_minversion} and <{np_maxversion}"
Load file /data/rajlab1/user_data/jin/MyResearch/HDF_infer/bash_scripts/../mypkg/../data/AD_vs_Ctrl_PSD/AD88_PSD100_all.pkl
Load file /data/rajlab1/user_data/jin/MyResearch/HDF_infer/bash_scripts/../mypkg/../data/AD_vs_Ctrl_PSD/Ctrl70_PSD100_all.pkl
(157, 68, 100) (157,) (157, 3)
The number of B-spline basis is 8.
  0%|          | 0/272 [00:00<?, ?it/s]  7%|▋         | 20/272 [00:00<00:05, 44.67it/s] 15%|█▍        | 40/272 [00:03<00:26,  8.81it/s] 22%|██▏       | 60/272 [00:04<00:15, 13.27it/s] 29%|██▉       | 80/272 [00:05<00:11, 16.99it/s] 37%|███▋      | 100/272 [00:06<00:09, 18.48it/s] 44%|████▍     | 120/272 [00:07<00:07, 20.03it/s] 51%|█████▏    | 140/272 [00:07<00:06, 21.02it/s] 59%|█████▉    | 160/272 [00:08<00:05, 21.55it/s] 66%|██████▌   | 180/272 [00:09<00:04, 22.38it/s] 74%|███████▎  | 200/272 [00:10<00:03, 22.77it/s] 81%|████████  | 220/272 [00:11<00:02, 21.60it/s] 81%|████████  | 220/272 [00:30<00:02, 21.60it/s] 88%|████████▊ | 240/272 [36:17<17:35, 32.98s/it] 96%|█████████▌| 260/272 [1:13:43<11:24, 57.01s/it]100%|██████████| 272/272 [1:13:43<00:00, 16.26s/it]
Load file /data/rajlab1/user_data/jin/MyResearch/HDF_infer/bash_scripts/../mypkg/../results/real_data_test/seed-0_lam-24000_roi-4.pkl
Load file /data/rajlab1/user_data/jin/MyResearch/HDF_infer/bash_scripts/../mypkg/../results/real_data_test/seed-0_lam-500_roi-12.pkl
Load file /data/rajlab1/user_data/jin/MyResearch/HDF_infer/bash_scripts/../mypkg/../results/real_data_test/seed-0_lam-500_roi-17.pkl
Load file /data/rajlab1/user_data/jin/MyResearch/HDF_infer/bash_scripts/../mypkg/../results/real_data_test/seed-0_lam-500_roi-22.pkl
Load file /data/rajlab1/user_data/jin/MyResearch/HDF_infer/bash_scripts/../mypkg/../results/real_data_test/seed-0_lam-100_roi-27.pkl
Load file /data/rajlab1/user_data/jin/MyResearch/HDF_infer/bash_scripts/../mypkg/../results/real_data_test/seed-0_lam-100_roi-32.pkl
Load file /data/rajlab1/user_data/jin/MyResearch/HDF_infer/bash_scripts/../mypkg/../results/real_data_test/seed-0_lam-100_roi-37.pkl
Load file /data/rajlab1/user_data/jin/MyResearch/HDF_infer/bash_scripts/../mypkg/../results/real_data_test/seed-0_lam-100_roi-42.pkl
The optimization may not converge with stop value 8.664E-05
Load file /data/rajlab1/user_data/jin/MyResearch/HDF_infer/bash_scripts/../mypkg/../results/real_data_test/seed-0_lam-12000_roi-2.pkl
Load file /data/rajlab1/user_data/jin/MyResearch/HDF_infer/bash_scripts/../mypkg/../results/real_data_test/seed-0_lam-12000_roi-8.pkl
Load file /data/rajlab1/user_data/jin/MyResearch/HDF_infer/bash_scripts/../mypkg/../results/real_data_test/seed-0_lam-12000_roi-13.pkl
Load file /data/rajlab1/user_data/jin/MyResearch/HDF_infer/bash_scripts/../mypkg/../results/real_data_test/seed-0_lam-12000_roi-18.pkl
Load file /data/rajlab1/user_data/jin/MyResearch/HDF_infer/bash_scripts/../mypkg/../results/real_data_test/seed-0_lam-12000_roi-23.pkl
Load file /data/rajlab1/user_data/jin/MyResearch/HDF_infer/bash_scripts/../mypkg/../results/real_data_test/seed-0_lam-12000_roi-28.pkl
Load file /data/rajlab1/user_data/jin/MyResearch/HDF_infer/bash_scripts/../mypkg/../results/real_data_test/seed-0_lam-12000_roi-33.pkl
Load file /data/rajlab1/user_data/jin/MyResearch/HDF_infer/bash_scripts/../mypkg/../results/real_data_test/seed-0_lam-12000_roi-38.pkl
Load file /data/rajlab1/user_data/jin/MyResearch/HDF_infer/bash_scripts/../mypkg/../results/real_data_test/seed-0_lam-12000_roi-43.pkl
Load file /data/rajlab1/user_data/jin/MyResearch/HDF_infer/bash_scripts/../mypkg/../results/real_data_test/seed-0_lam-100_roi-1.pkl
Load file /data/rajlab1/user_data/jin/MyResearch/HDF_infer/bash_scripts/../mypkg/../results/real_data_test/seed-0_lam-500_roi-5.pkl
Load file /data/rajlab1/user_data/jin/MyResearch/HDF_infer/bash_scripts/../mypkg/../results/real_data_test/seed-0_lam-24000_roi-7.pkl
Load file /data/rajlab1/user_data/jin/MyResearch/HDF_infer/bash_scripts/../mypkg/../results/real_data_test/seed-0_lam-24000_roi-12.pkl
Load file /data/rajlab1/user_data/jin/MyResearch/HDF_infer/bash_scripts/../mypkg/../results/real_data_test/seed-0_lam-24000_roi-17.pkl
Load file /data/rajlab1/user_data/jin/MyResearch/HDF_infer/bash_scripts/../mypkg/../results/real_data_test/seed-0_lam-24000_roi-22.pkl
Load file /data/rajlab1/user_data/jin/MyResearch/HDF_infer/bash_scripts/../mypkg/../results/real_data_test/seed-0_lam-24000_roi-27.pkl
Load file /data/rajlab1/user_data/jin/MyResearch/HDF_infer/bash_scripts/../mypkg/../results/real_data_test/seed-0_lam-24000_roi-32.pkl
Load file /data/rajlab1/user_data/jin/MyResearch/HDF_infer/bash_scripts/../mypkg/../results/real_data_test/seed-0_lam-24000_roi-37.pkl
Load file /data/rajlab1/user_data/jin/MyResearch/HDF_infer/bash_scripts/../mypkg/../results/real_data_test/seed-0_lam-24000_roi-42.pkl
Load file /data/rajlab1/user_data/jin/MyResearch/HDF_infer/bash_scripts/../mypkg/../results/real_data_test/seed-0_lam-100_roi-3.pkl
Load file /data/rajlab1/user_data/jin/MyResearch/HDF_infer/bash_scripts/../mypkg/../results/real_data_test/seed-0_lam-24000_roi-8.pkl
Load file /data/rajlab1/user_data/jin/MyResearch/HDF_infer/bash_scripts/../mypkg/../results/real_data_test/seed-0_lam-24000_roi-13.pkl
Load file /data/rajlab1/user_data/jin/MyResearch/HDF_infer/bash_scripts/../mypkg/../results/real_data_test/seed-0_lam-24000_roi-18.pkl
Load file /data/rajlab1/user_data/jin/MyResearch/HDF_infer/bash_scripts/../mypkg/../results/real_data_test/seed-0_lam-24000_roi-23.pkl
Load file /data/rajlab1/user_data/jin/MyResearch/HDF_infer/bash_scripts/../mypkg/../results/real_data_test/seed-0_lam-24000_roi-28.pkl
Load file /data/rajlab1/user_data/jin/MyResearch/HDF_infer/bash_scripts/../mypkg/../results/real_data_test/seed-0_lam-24000_roi-33.pkl
Load file /data/rajlab1/user_data/jin/MyResearch/HDF_infer/bash_scripts/../mypkg/../results/real_data_test/seed-0_lam-24000_roi-38.pkl
Load file /data/rajlab1/user_data/jin/MyResearch/HDF_infer/bash_scripts/../mypkg/../results/real_data_test/seed-0_lam-24000_roi-43.pkl
Load file /data/rajlab1/user_data/jin/MyResearch/HDF_infer/bash_scripts/../mypkg/../results/real_data_test/seed-0_lam-500_roi-4.pkl
Load file /data/rajlab1/user_data/jin/MyResearch/HDF_infer/bash_scripts/../mypkg/../results/real_data_test/seed-0_lam-24000_roi-10.pkl
Load file /data/rajlab1/user_data/jin/MyResearch/HDF_infer/bash_scripts/../mypkg/../results/real_data_test/seed-0_lam-24000_roi-15.pkl
Load file /data/rajlab1/user_data/jin/MyResearch/HDF_infer/bash_scripts/../mypkg/../results/real_data_test/seed-0_lam-24000_roi-20.pkl
Load file /data/rajlab1/user_data/jin/MyResearch/HDF_infer/bash_scripts/../mypkg/../results/real_data_test/seed-0_lam-24000_roi-25.pkl
Load file /data/rajlab1/user_data/jin/MyResearch/HDF_infer/bash_scripts/../mypkg/../results/real_data_test/seed-0_lam-24000_roi-30.pkl
Load file /data/rajlab1/user_data/jin/MyResearch/HDF_infer/bash_scripts/../mypkg/../results/real_data_test/seed-0_lam-24000_roi-35.pkl
Load file /data/rajlab1/user_data/jin/MyResearch/HDF_infer/bash_scripts/../mypkg/../results/real_data_test/seed-0_lam-24000_roi-40.pkl
Load file /data/rajlab1/user_data/jin/MyResearch/HDF_infer/bash_scripts/../mypkg/../results/real_data_test/seed-0_lam-12000_roi-4.pkl
Load file /data/rajlab1/user_data/jin/MyResearch/HDF_infer/bash_scripts/../mypkg/../results/real_data_test/seed-0_lam-24000_roi-11.pkl
Load file /data/rajlab1/user_data/jin/MyResearch/HDF_infer/bash_scripts/../mypkg/../results/real_data_test/seed-0_lam-24000_roi-16.pkl
Load file /data/rajlab1/user_data/jin/MyResearch/HDF_infer/bash_scripts/../mypkg/../results/real_data_test/seed-0_lam-24000_roi-21.pkl
Load file /data/rajlab1/user_data/jin/MyResearch/HDF_infer/bash_scripts/../mypkg/../results/real_data_test/seed-0_lam-24000_roi-26.pkl
Load file /data/rajlab1/user_data/jin/MyResearch/HDF_infer/bash_scripts/../mypkg/../results/real_data_test/seed-0_lam-24000_roi-31.pkl
Load file /data/rajlab1/user_data/jin/MyResearch/HDF_infer/bash_scripts/../mypkg/../results/real_data_test/seed-0_lam-24000_roi-36.pkl
Load file /data/rajlab1/user_data/jin/MyResearch/HDF_infer/bash_scripts/../mypkg/../results/real_data_test/seed-0_lam-24000_roi-41.pkl
Load file /data/rajlab1/user_data/jin/MyResearch/HDF_infer/bash_scripts/../mypkg/../results/real_data_test/seed-0_lam-24000_roi-46.pkl
Load file /data/rajlab1/user_data/jin/MyResearch/HDF_infer/bash_scripts/../mypkg/../results/real_data_test/seed-0_lam-24000_roi-50.pkl
Load file /data/rajlab1/user_data/jin/MyResearch/HDF_infer/bash_scripts/../mypkg/../results/real_data_test/seed-0_lam-24000_roi-1.pkl
Load file /data/rajlab1/user_data/jin/MyResearch/HDF_infer/bash_scripts/../mypkg/../results/real_data_test/seed-0_lam-500_roi-6.pkl
Load file /data/rajlab1/user_data/jin/MyResearch/HDF_infer/bash_scripts/../mypkg/../results/real_data_test/seed-0_lam-100_roi-10.pkl
Load file /data/rajlab1/user_data/jin/MyResearch/HDF_infer/bash_scripts/../mypkg/../results/real_data_test/seed-0_lam-100_roi-15.pkl
Load file /data/rajlab1/user_data/jin/MyResearch/HDF_infer/bash_scripts/../mypkg/../results/real_data_test/seed-0_lam-100_roi-20.pkl
Load file /data/rajlab1/user_data/jin/MyResearch/HDF_infer/bash_scripts/../mypkg/../results/real_data_test/seed-0_lam-100_roi-25.pkl
Load file /data/rajlab1/user_data/jin/MyResearch/HDF_infer/bash_scripts/../mypkg/../results/real_data_test/seed-0_lam-100_roi-30.pkl
Load file /data/rajlab1/user_data/jin/MyResearch/HDF_infer/bash_scripts/../mypkg/../results/real_data_test/seed-0_lam-100_roi-35.pkl
Load file /data/rajlab1/user_data/jin/MyResearch/HDF_infer/bash_scripts/../mypkg/../results/real_data_test/seed-0_lam-100_roi-40.pkl
Load file /data/rajlab1/user_data/jin/MyResearch/HDF_infer/bash_scripts/../mypkg/../results/real_data_test/seed-0_lam-100_roi-0.pkl
Load file /data/rajlab1/user_data/jin/MyResearch/HDF_infer/bash_scripts/../mypkg/../results/real_data_test/seed-0_lam-12000_roi-5.pkl
Load file /data/rajlab1/user_data/jin/MyResearch/HDF_infer/bash_scripts/../mypkg/../results/real_data_test/seed-0_lam-500_roi-8.pkl
Load file /data/rajlab1/user_data/jin/MyResearch/HDF_infer/bash_scripts/../mypkg/../results/real_data_test/seed-0_lam-500_roi-13.pkl
Load file /data/rajlab1/user_data/jin/MyResearch/HDF_infer/bash_scripts/../mypkg/../results/real_data_test/seed-0_lam-500_roi-18.pkl
Load file /data/rajlab1/user_data/jin/MyResearch/HDF_infer/bash_scripts/../mypkg/../results/real_data_test/seed-0_lam-500_roi-23.pkl
Load file /data/rajlab1/user_data/jin/MyResearch/HDF_infer/bash_scripts/../mypkg/../results/real_data_test/seed-0_lam-500_roi-28.pkl
Load file /data/rajlab1/user_data/jin/MyResearch/HDF_infer/bash_scripts/../mypkg/../results/real_data_test/seed-0_lam-500_roi-33.pkl
Load file /data/rajlab1/user_data/jin/MyResearch/HDF_infer/bash_scripts/../mypkg/../results/real_data_test/seed-0_lam-500_roi-38.pkl
Load file /data/rajlab1/user_data/jin/MyResearch/HDF_infer/bash_scripts/../mypkg/../results/real_data_test/seed-0_lam-500_roi-43.pkl
Load file /data/rajlab1/user_data/jin/MyResearch/HDF_infer/bash_scripts/../mypkg/../results/real_data_test/seed-0_lam-500_roi-48.pkl
Load file /data/rajlab1/user_data/jin/MyResearch/HDF_infer/bash_scripts/../mypkg/../results/real_data_test/seed-0_lam-24000_roi-0.pkl
Load file /data/rajlab1/user_data/jin/MyResearch/HDF_infer/bash_scripts/../mypkg/../results/real_data_test/seed-0_lam-100_roi-5.pkl
Load file /data/rajlab1/user_data/jin/MyResearch/HDF_infer/bash_scripts/../mypkg/../results/real_data_test/seed-0_lam-24000_roi-6.pkl
Load file /data/rajlab1/user_data/jin/MyResearch/HDF_infer/bash_scripts/../mypkg/../results/real_data_test/seed-0_lam-100_roi-11.pkl
Load file /data/rajlab1/user_data/jin/MyResearch/HDF_infer/bash_scripts/../mypkg/../results/real_data_test/seed-0_lam-100_roi-16.pkl
Load file /data/rajlab1/user_data/jin/MyResearch/HDF_infer/bash_scripts/../mypkg/../results/real_data_test/seed-0_lam-100_roi-21.pkl
Load file /data/rajlab1/user_data/jin/MyResearch/HDF_infer/bash_scripts/../mypkg/../results/real_data_test/seed-0_lam-100_roi-26.pkl
Load file /data/rajlab1/user_data/jin/MyResearch/HDF_infer/bash_scripts/../mypkg/../results/real_data_test/seed-0_lam-100_roi-31.pkl
Load file /data/rajlab1/user_data/jin/MyResearch/HDF_infer/bash_scripts/../mypkg/../results/real_data_test/seed-0_lam-100_roi-36.pkl
Load file /data/rajlab1/user_data/jin/MyResearch/HDF_infer/bash_scripts/../mypkg/../results/real_data_test/seed-0_lam-100_roi-41.pkl
Load file /data/rajlab1/user_data/jin/MyResearch/HDF_infer/bash_scripts/../mypkg/../results/real_data_test/seed-0_lam-100_roi-46.pkl
Load file /data/rajlab1/user_data/jin/MyResearch/HDF_infer/bash_scripts/../mypkg/../results/real_data_test/seed-0_lam-24000_roi-2.pkl
Load file /data/rajlab1/user_data/jin/MyResearch/HDF_infer/bash_scripts/../mypkg/../results/real_data_test/seed-0_lam-100_roi-8.pkl
Load file /data/rajlab1/user_data/jin/MyResearch/HDF_infer/bash_scripts/../mypkg/../results/real_data_test/seed-0_lam-100_roi-13.pkl
Load file /data/rajlab1/user_data/jin/MyResearch/HDF_infer/bash_scripts/../mypkg/../results/real_data_test/seed-0_lam-100_roi-18.pkl
Load file /data/rajlab1/user_data/jin/MyResearch/HDF_infer/bash_scripts/../mypkg/../results/real_data_test/seed-0_lam-100_roi-23.pkl
Load file /data/rajlab1/user_data/jin/MyResearch/HDF_infer/bash_scripts/../mypkg/../results/real_data_test/seed-0_lam-100_roi-28.pkl
Load file /data/rajlab1/user_data/jin/MyResearch/HDF_infer/bash_scripts/../mypkg/../results/real_data_test/seed-0_lam-100_roi-33.pkl
Load file /data/rajlab1/user_data/jin/MyResearch/HDF_infer/bash_scripts/../mypkg/../results/real_data_test/seed-0_lam-100_roi-38.pkl
Load file /data/rajlab1/user_data/jin/MyResearch/HDF_infer/bash_scripts/../mypkg/../results/real_data_test/seed-0_lam-100_roi-43.pkl
Load file /data/rajlab1/user_data/jin/MyResearch/HDF_infer/bash_scripts/../mypkg/../results/real_data_test/seed-0_lam-100_roi-48.pkl
Load file /data/rajlab1/user_data/jin/MyResearch/HDF_infer/bash_scripts/../mypkg/../results/real_data_test/seed-0_lam-100_roi-2.pkl
Load file /data/rajlab1/user_data/jin/MyResearch/HDF_infer/bash_scripts/../mypkg/../results/real_data_test/seed-0_lam-100_roi-7.pkl
Load file /data/rajlab1/user_data/jin/MyResearch/HDF_infer/bash_scripts/../mypkg/../results/real_data_test/seed-0_lam-12000_roi-11.pkl
Load file /data/rajlab1/user_data/jin/MyResearch/HDF_infer/bash_scripts/../mypkg/../results/real_data_test/seed-0_lam-12000_roi-16.pkl
Load file /data/rajlab1/user_data/jin/MyResearch/HDF_infer/bash_scripts/../mypkg/../results/real_data_test/seed-0_lam-12000_roi-21.pkl
Load file /data/rajlab1/user_data/jin/MyResearch/HDF_infer/bash_scripts/../mypkg/../results/real_data_test/seed-0_lam-12000_roi-26.pkl
Load file /data/rajlab1/user_data/jin/MyResearch/HDF_infer/bash_scripts/../mypkg/../results/real_data_test/seed-0_lam-12000_roi-31.pkl
Load file /data/rajlab1/user_data/jin/MyResearch/HDF_infer/bash_scripts/../mypkg/../results/real_data_test/seed-0_lam-12000_roi-36.pkl
Load file /data/rajlab1/user_data/jin/MyResearch/HDF_infer/bash_scripts/../mypkg/../results/real_data_test/seed-0_lam-12000_roi-41.pkl
Load file /data/rajlab1/user_data/jin/MyResearch/HDF_infer/bash_scripts/../mypkg/../results/real_data_test/seed-0_lam-12000_roi-46.pkl
Load file /data/rajlab1/user_data/jin/MyResearch/HDF_infer/bash_scripts/../mypkg/../results/real_data_test/seed-0_lam-12000_roi-50.pkl
Load file /data/rajlab1/user_data/jin/MyResearch/HDF_infer/bash_scripts/../mypkg/../results/real_data_test/seed-0_lam-12000_roi-3.pkl
Load file /data/rajlab1/user_data/jin/MyResearch/HDF_infer/bash_scripts/../mypkg/../results/real_data_test/seed-0_lam-500_roi-11.pkl
Load file /data/rajlab1/user_data/jin/MyResearch/HDF_infer/bash_scripts/../mypkg/../results/real_data_test/seed-0_lam-500_roi-16.pkl
Load file /data/rajlab1/user_data/jin/MyResearch/HDF_infer/bash_scripts/../mypkg/../results/real_data_test/seed-0_lam-500_roi-21.pkl
Load file /data/rajlab1/user_data/jin/MyResearch/HDF_infer/bash_scripts/../mypkg/../results/real_data_test/seed-0_lam-500_roi-26.pkl
Load file /data/rajlab1/user_data/jin/MyResearch/HDF_infer/bash_scripts/../mypkg/../results/real_data_test/seed-0_lam-500_roi-31.pkl
Load file /data/rajlab1/user_data/jin/MyResearch/HDF_infer/bash_scripts/../mypkg/../results/real_data_test/seed-0_lam-500_roi-36.pkl
Load file /data/rajlab1/user_data/jin/MyResearch/HDF_infer/bash_scripts/../mypkg/../results/real_data_test/seed-0_lam-500_roi-41.pkl
Load file /data/rajlab1/user_data/jin/MyResearch/HDF_infer/bash_scripts/../mypkg/../results/real_data_test/seed-0_lam-100_roi-4.pkl
Load file /data/rajlab1/user_data/jin/MyResearch/HDF_infer/bash_scripts/../mypkg/../results/real_data_test/seed-0_lam-24000_roi-9.pkl
Load file /data/rajlab1/user_data/jin/MyResearch/HDF_infer/bash_scripts/../mypkg/../results/real_data_test/seed-0_lam-24000_roi-14.pkl
Load file /data/rajlab1/user_data/jin/MyResearch/HDF_infer/bash_scripts/../mypkg/../results/real_data_test/seed-0_lam-24000_roi-19.pkl
Load file /data/rajlab1/user_data/jin/MyResearch/HDF_infer/bash_scripts/../mypkg/../results/real_data_test/seed-0_lam-24000_roi-24.pkl
Load file /data/rajlab1/user_data/jin/MyResearch/HDF_infer/bash_scripts/../mypkg/../results/real_data_test/seed-0_lam-24000_roi-29.pkl
Load file /data/rajlab1/user_data/jin/MyResearch/HDF_infer/bash_scripts/../mypkg/../results/real_data_test/seed-0_lam-24000_roi-34.pkl
Load file /data/rajlab1/user_data/jin/MyResearch/HDF_infer/bash_scripts/../mypkg/../results/real_data_test/seed-0_lam-24000_roi-39.pkl
Load file /data/rajlab1/user_data/jin/MyResearch/HDF_infer/bash_scripts/../mypkg/../results/real_data_test/seed-0_lam-24000_roi-44.pkl
The optimization may not converge with stop value 8.664E-05
Load file /data/rajlab1/user_data/jin/MyResearch/HDF_infer/bash_scripts/../mypkg/../results/real_data_test/seed-0_lam-12000_roi-1.pkl
Load file /data/rajlab1/user_data/jin/MyResearch/HDF_infer/bash_scripts/../mypkg/../results/real_data_test/seed-0_lam-12000_roi-6.pkl
Load file /data/rajlab1/user_data/jin/MyResearch/HDF_infer/bash_scripts/../mypkg/../results/real_data_test/seed-0_lam-12000_roi-10.pkl
Load file /data/rajlab1/user_data/jin/MyResearch/HDF_infer/bash_scripts/../mypkg/../results/real_data_test/seed-0_lam-12000_roi-15.pkl
Load file /data/rajlab1/user_data/jin/MyResearch/HDF_infer/bash_scripts/../mypkg/../results/real_data_test/seed-0_lam-12000_roi-20.pkl
Load file /data/rajlab1/user_data/jin/MyResearch/HDF_infer/bash_scripts/../mypkg/../results/real_data_test/seed-0_lam-12000_roi-25.pkl
Load file /data/rajlab1/user_data/jin/MyResearch/HDF_infer/bash_scripts/../mypkg/../results/real_data_test/seed-0_lam-12000_roi-30.pkl
Load file /data/rajlab1/user_data/jin/MyResearch/HDF_infer/bash_scripts/../mypkg/../results/real_data_test/seed-0_lam-12000_roi-35.pkl
Load file /data/rajlab1/user_data/jin/MyResearch/HDF_infer/bash_scripts/../mypkg/../results/real_data_test/seed-0_lam-12000_roi-40.pkl
Load file /data/rajlab1/user_data/jin/MyResearch/HDF_infer/bash_scripts/../mypkg/../results/real_data_test/seed-0_lam-500_roi-0.pkl
Load file /data/rajlab1/user_data/jin/MyResearch/HDF_infer/bash_scripts/../mypkg/../results/real_data_test/seed-0_lam-500_roi-7.pkl
Load file /data/rajlab1/user_data/jin/MyResearch/HDF_infer/bash_scripts/../mypkg/../results/real_data_test/seed-0_lam-100_roi-12.pkl
Load file /data/rajlab1/user_data/jin/MyResearch/HDF_infer/bash_scripts/../mypkg/../results/real_data_test/seed-0_lam-100_roi-17.pkl
Load file /data/rajlab1/user_data/jin/MyResearch/HDF_infer/bash_scripts/../mypkg/../results/real_data_test/seed-0_lam-100_roi-22.pkl
Load file /data/rajlab1/user_data/jin/MyResearch/HDF_infer/bash_scripts/../mypkg/../results/real_data_test/seed-0_lam-500_roi-27.pkl
Load file /data/rajlab1/user_data/jin/MyResearch/HDF_infer/bash_scripts/../mypkg/../results/real_data_test/seed-0_lam-500_roi-32.pkl
Load file /data/rajlab1/user_data/jin/MyResearch/HDF_infer/bash_scripts/../mypkg/../results/real_data_test/seed-0_lam-500_roi-37.pkl
Load file /data/rajlab1/user_data/jin/MyResearch/HDF_infer/bash_scripts/../mypkg/../results/real_data_test/seed-0_lam-500_roi-42.pkl
Load file /data/rajlab1/user_data/jin/MyResearch/HDF_infer/bash_scripts/../mypkg/../results/real_data_test/seed-0_lam-12000_roi-0.pkl
Load file /data/rajlab1/user_data/jin/MyResearch/HDF_infer/bash_scripts/../mypkg/../results/real_data_test/seed-0_lam-24000_roi-5.pkl
Load file /data/rajlab1/user_data/jin/MyResearch/HDF_infer/bash_scripts/../mypkg/../results/real_data_test/seed-0_lam-100_roi-9.pkl
Load file /data/rajlab1/user_data/jin/MyResearch/HDF_infer/bash_scripts/../mypkg/../results/real_data_test/seed-0_lam-100_roi-14.pkl
Load file /data/rajlab1/user_data/jin/MyResearch/HDF_infer/bash_scripts/../mypkg/../results/real_data_test/seed-0_lam-100_roi-19.pkl
Load file /data/rajlab1/user_data/jin/MyResearch/HDF_infer/bash_scripts/../mypkg/../results/real_data_test/seed-0_lam-100_roi-24.pkl
Load file /data/rajlab1/user_data/jin/MyResearch/HDF_infer/bash_scripts/../mypkg/../results/real_data_test/seed-0_lam-500_roi-29.pkl
Load file /data/rajlab1/user_data/jin/MyResearch/HDF_infer/bash_scripts/../mypkg/../results/real_data_test/seed-0_lam-500_roi-34.pkl
Load file /data/rajlab1/user_data/jin/MyResearch/HDF_infer/bash_scripts/../mypkg/../results/real_data_test/seed-0_lam-500_roi-39.pkl
Load file /data/rajlab1/user_data/jin/MyResearch/HDF_infer/bash_scripts/../mypkg/../results/real_data_test/seed-0_lam-500_roi-44.pkl
Load file /data/rajlab1/user_data/jin/MyResearch/HDF_infer/bash_scripts/../mypkg/../results/real_data_test/seed-0_lam-500_roi-3.pkl
Load file /data/rajlab1/user_data/jin/MyResearch/HDF_infer/bash_scripts/../mypkg/../results/real_data_test/seed-0_lam-500_roi-9.pkl
Load file /data/rajlab1/user_data/jin/MyResearch/HDF_infer/bash_scripts/../mypkg/../results/real_data_test/seed-0_lam-500_roi-14.pkl
Load file /data/rajlab1/user_data/jin/MyResearch/HDF_infer/bash_scripts/../mypkg/../results/real_data_test/seed-0_lam-500_roi-19.pkl
Load file /data/rajlab1/user_data/jin/MyResearch/HDF_infer/bash_scripts/../mypkg/../results/real_data_test/seed-0_lam-500_roi-24.pkl
Load file /data/rajlab1/user_data/jin/MyResearch/HDF_infer/bash_scripts/../mypkg/../results/real_data_test/seed-0_lam-100_roi-29.pkl
Load file /data/rajlab1/user_data/jin/MyResearch/HDF_infer/bash_scripts/../mypkg/../results/real_data_test/seed-0_lam-100_roi-34.pkl
Load file /data/rajlab1/user_data/jin/MyResearch/HDF_infer/bash_scripts/../mypkg/../results/real_data_test/seed-0_lam-100_roi-39.pkl
Load file /data/rajlab1/user_data/jin/MyResearch/HDF_infer/bash_scripts/../mypkg/../results/real_data_test/seed-0_lam-100_roi-44.pkl
Load file /data/rajlab1/user_data/jin/MyResearch/HDF_infer/bash_scripts/../mypkg/../results/real_data_test/seed-0_lam-100_roi-49.pkl
Load file /data/rajlab1/user_data/jin/MyResearch/HDF_infer/bash_scripts/../mypkg/../results/real_data_test/seed-0_lam-24000_roi-3.pkl
Load file /data/rajlab1/user_data/jin/MyResearch/HDF_infer/bash_scripts/../mypkg/../results/real_data_test/seed-0_lam-500_roi-10.pkl
Load file /data/rajlab1/user_data/jin/MyResearch/HDF_infer/bash_scripts/../mypkg/../results/real_data_test/seed-0_lam-500_roi-15.pkl
Load file /data/rajlab1/user_data/jin/MyResearch/HDF_infer/bash_scripts/../mypkg/../results/real_data_test/seed-0_lam-500_roi-20.pkl
Load file /data/rajlab1/user_data/jin/MyResearch/HDF_infer/bash_scripts/../mypkg/../results/real_data_test/seed-0_lam-500_roi-25.pkl
Load file /data/rajlab1/user_data/jin/MyResearch/HDF_infer/bash_scripts/../mypkg/../results/real_data_test/seed-0_lam-500_roi-30.pkl
Load file /data/rajlab1/user_data/jin/MyResearch/HDF_infer/bash_scripts/../mypkg/../results/real_data_test/seed-0_lam-500_roi-35.pkl
Load file /data/rajlab1/user_data/jin/MyResearch/HDF_infer/bash_scripts/../mypkg/../results/real_data_test/seed-0_lam-500_roi-40.pkl
Load file /data/rajlab1/user_data/jin/MyResearch/HDF_infer/bash_scripts/../mypkg/../results/real_data_test/seed-0_lam-500_roi-45.pkl
Load file /data/rajlab1/user_data/jin/MyResearch/HDF_infer/bash_scripts/../mypkg/../results/real_data_test/seed-0_lam-500_roi-1.pkl
Load file /data/rajlab1/user_data/jin/MyResearch/HDF_infer/bash_scripts/../mypkg/../results/real_data_test/seed-0_lam-100_roi-6.pkl
Load file /data/rajlab1/user_data/jin/MyResearch/HDF_infer/bash_scripts/../mypkg/../results/real_data_test/seed-0_lam-12000_roi-9.pkl
Load file /data/rajlab1/user_data/jin/MyResearch/HDF_infer/bash_scripts/../mypkg/../results/real_data_test/seed-0_lam-12000_roi-14.pkl
Load file /data/rajlab1/user_data/jin/MyResearch/HDF_infer/bash_scripts/../mypkg/../results/real_data_test/seed-0_lam-12000_roi-19.pkl
Load file /data/rajlab1/user_data/jin/MyResearch/HDF_infer/bash_scripts/../mypkg/../results/real_data_test/seed-0_lam-12000_roi-24.pkl
Load file /data/rajlab1/user_data/jin/MyResearch/HDF_infer/bash_scripts/../mypkg/../results/real_data_test/seed-0_lam-12000_roi-29.pkl
Load file /data/rajlab1/user_data/jin/MyResearch/HDF_infer/bash_scripts/../mypkg/../results/real_data_test/seed-0_lam-12000_roi-34.pkl
Load file /data/rajlab1/user_data/jin/MyResearch/HDF_infer/bash_scripts/../mypkg/../results/real_data_test/seed-0_lam-12000_roi-39.pkl
Load file /data/rajlab1/user_data/jin/MyResearch/HDF_infer/bash_scripts/../mypkg/../results/real_data_test/seed-0_lam-12000_roi-44.pkl
Load file /data/rajlab1/user_data/jin/MyResearch/HDF_infer/bash_scripts/../mypkg/../results/real_data_test/seed-0_lam-500_roi-2.pkl
Load file /data/rajlab1/user_data/jin/MyResearch/HDF_infer/bash_scripts/../mypkg/../results/real_data_test/seed-0_lam-12000_roi-7.pkl
Load file /data/rajlab1/user_data/jin/MyResearch/HDF_infer/bash_scripts/../mypkg/../results/real_data_test/seed-0_lam-12000_roi-12.pkl
Load file /data/rajlab1/user_data/jin/MyResearch/HDF_infer/bash_scripts/../mypkg/../results/real_data_test/seed-0_lam-12000_roi-17.pkl
Load file /data/rajlab1/user_data/jin/MyResearch/HDF_infer/bash_scripts/../mypkg/../results/real_data_test/seed-0_lam-12000_roi-22.pkl
Load file /data/rajlab1/user_data/jin/MyResearch/HDF_infer/bash_scripts/../mypkg/../results/real_data_test/seed-0_lam-12000_roi-27.pkl
Load file /data/rajlab1/user_data/jin/MyResearch/HDF_infer/bash_scripts/../mypkg/../results/real_data_test/seed-0_lam-12000_roi-32.pkl
Load file /data/rajlab1/user_data/jin/MyResearch/HDF_infer/bash_scripts/../mypkg/../results/real_data_test/seed-0_lam-12000_roi-37.pkl
Load file /data/rajlab1/user_data/jin/MyResearch/HDF_infer/bash_scripts/../mypkg/../results/real_data_test/seed-0_lam-12000_roi-42.pkl
