Load file /wynton/home/rajlab/hjin/MyResearch/HDF/bash_scripts/../mypkg/../data/AD_vs_Ctrl_PSD/AD88_PSD89_all.pkl
Load file /wynton/home/rajlab/hjin/MyResearch/HDF/bash_scripts/../mypkg/../data/AD_vs_Ctrl_PSD/Ctrl92_PSD89_all.pkl
(157, 68, 89) (157,) (157, 3)
The number of B-spline basis is 8.
The optimization may not converge with stop value 1.087E-04
The optimization may not converge with stop value 5.861E-04
The optimization may not converge with stop value 2.379E-04
The optimization may not converge with stop value 6.446E-05
The optimization may not converge with stop value 1.111E-04
The optimization may not converge with stop value 1.203E-04
The optimization may not converge with stop value 8.088E-05
The optimization may not converge with stop value 1.234E-04
The optimization may not converge with stop value 1.853E-04
The optimization may not converge with stop value 5.724E-05
The optimization may not converge with stop value 8.181E-05
The optimization may not converge with stop value 2.018E-04
The optimization may not converge with stop value 1.273E-04
The optimization may not converge with stop value 5.114E-05
The optimization may not converge with stop value 6.242E-05
The optimization may not converge with stop value 5.095E-05
The optimization may not converge with stop value 7.013E-05
The optimization may not converge with stop value 6.135E-05
The optimization may not converge with stop value 1.360E-04
The optimization may not converge with stop value 5.671E-05
The optimization may not converge with stop value 5.221E-04
The optimization may not converge with stop value 1.074E-04
The optimization may not converge with stop value 9.073E-05
The optimization may not converge with stop value 7.226E-05
The optimization may not converge with stop value 7.024E-04
The optimization may not converge with stop value 1.907E-04
The optimization may not converge with stop value 6.678E-05
The optimization may not converge with stop value 1.342E-03
The optimization may not converge with stop value 1.946E-04
The optimization may not converge with stop value 5.067E-05
The optimization may not converge with stop value 1.287E-04
The optimization may not converge with stop value 2.865E-04
The optimization may not converge with stop value 8.712E-04
The optimization may not converge with stop value 5.476E-05
The optimization may not converge with stop value 1.097E-04
The optimization may not converge with stop value 6.955E-05
The optimization may not converge with stop value 2.458E-04
The optimization may not converge with stop value 5.199E-05
The optimization may not converge with stop value 1.412E-04
The optimization may not converge with stop value 5.832E-05
The optimization may not converge with stop value 9.434E-05
The optimization may not converge with stop value 5.380E-05
The optimization may not converge with stop value 2.705E-04
The optimization may not converge with stop value 5.562E-04
The optimization may not converge with stop value 6.936E-05
The optimization may not converge with stop value 9.837E-05
The optimization may not converge with stop value 8.693E-05
The optimization may not converge with stop value 1.031E-04
The optimization may not converge with stop value 9.135E-05
The optimization may not converge with stop value 1.207E-04
The optimization may not converge with stop value 1.022E-04
The optimization may not converge with stop value 5.542E-05
The optimization may not converge with stop value 1.004E-03
The optimization may not converge with stop value 1.662E-04
The optimization may not converge with stop value 5.206E-05
The optimization may not converge with stop value 9.493E-05
The optimization may not converge with stop value 5.212E-05
The optimization may not converge with stop value 6.157E-05
The optimization may not converge with stop value 3.515E-04
The optimization may not converge with stop value 5.180E-05
The optimization may not converge with stop value 7.000E-05
The optimization may not converge with stop value 1.251E-04
The optimization may not converge with stop value 5.258E-05
The optimization may not converge with stop value 1.531E-04
The optimization may not converge with stop value 1.519E-04
The optimization may not converge with stop value 3.487E-04
The optimization may not converge with stop value 9.461E-05
The optimization may not converge with stop value 8.268E-05
The optimization may not converge with stop value 1.244E-04
The optimization may not converge with stop value 1.536E-04
The optimization may not converge with stop value 1.917E-04
The optimization may not converge with stop value 5.406E-05
The optimization may not converge with stop value 5.308E-05
The optimization may not converge with stop value 9.402E-05
The optimization may not converge with stop value 5.329E-04
The optimization may not converge with stop value 5.080E-05
The optimization may not converge with stop value 5.059E-04
The optimization may not converge with stop value 5.320E-05
The optimization may not converge with stop value 7.357E-05
The optimization may not converge with stop value 6.000E-05
The optimization may not converge with stop value 1.036E-04
The optimization may not converge with stop value 8.964E-05
The optimization may not converge with stop value 1.001E-04
The optimization may not converge with stop value 7.797E-04
The optimization may not converge with stop value 1.578E-04
The optimization may not converge with stop value 3.543E-04
The optimization may not converge with stop value 7.662E-05
The optimization may not converge with stop value 4.238E-04
The optimization may not converge with stop value 3.844E-04
The optimization may not converge with stop value 1.500E-04
The optimization may not converge with stop value 7.748E-05
The optimization may not converge with stop value 2.745E-04
The optimization may not converge with stop value 1.196E-04
The optimization may not converge with stop value 5.566E-05
The optimization may not converge with stop value 7.168E-05
The optimization may not converge with stop value 6.702E-05
The optimization may not converge with stop value 5.605E-05
The optimization may not converge with stop value 5.462E-05
The optimization may not converge with stop value 5.409E-05
The optimization may not converge with stop value 5.299E-05
The optimization may not converge with stop value 5.594E-05
The optimization may not converge with stop value 2.101E-04
The optimization may not converge with stop value 1.845E-04
The optimization may not converge with stop value 5.967E-05
The optimization may not converge with stop value 1.081E-04
The optimization may not converge with stop value 1.346E-04
The optimization may not converge with stop value 1.093E-04
The optimization may not converge with stop value 1.075E-04
The optimization may not converge with stop value 1.365E-04
The optimization may not converge with stop value 7.227E-05
The optimization may not converge with stop value 7.025E-04
The optimization may not converge with stop value 1.918E-04
The optimization may not converge with stop value 1.101E-04
The optimization may not converge with stop value 4.158E-04
The optimization may not converge with stop value 5.070E-05
The optimization may not converge with stop value 5.283E-05
The optimization may not converge with stop value 4.111E-04
The optimization may not converge with stop value 5.471E-05
The optimization may not converge with stop value 5.542E-05
The optimization may not converge with stop value 1.592E-04
The optimization may not converge with stop value 1.708E-04
The optimization may not converge with stop value 7.602E-05
The optimization may not converge with stop value 5.385E-05
The optimization may not converge with stop value 5.611E-05
The optimization may not converge with stop value 6.585E-05
The optimization may not converge with stop value 5.049E-05
The optimization may not converge with stop value 1.695E-04
The optimization may not converge with stop value 6.327E-05
The optimization may not converge with stop value 5.140E-05
The optimization may not converge with stop value 8.502E-05
The optimization may not converge with stop value 1.709E-04
The optimization may not converge with stop value 9.777E-05
The optimization may not converge with stop value 3.295E-03
The optimization may not converge with stop value 5.663E-05
The optimization may not converge with stop value 5.984E-05
The optimization may not converge with stop value 1.064E-04
The optimization may not converge with stop value 7.023E-05
The optimization may not converge with stop value 1.890E-04
The optimization may not converge with stop value 5.967E-05
The optimization may not converge with stop value 5.127E-05
The optimization may not converge with stop value 1.205E-04
The optimization may not converge with stop value 6.302E-05
The optimization may not converge with stop value 1.075E-04
The optimization may not converge with stop value 3.422E-04
The optimization may not converge with stop value 5.599E-05
The optimization may not converge with stop value 2.876E-04
The optimization may not converge with stop value 1.960E-04
The optimization may not converge with stop value 1.576E-04
The optimization may not converge with stop value 5.111E-05
The optimization may not converge with stop value 7.634E-05
The optimization may not converge with stop value 4.160E-04
The optimization may not converge with stop value 5.070E-05
The optimization may not converge with stop value 5.283E-05
The optimization may not converge with stop value 4.111E-04
The optimization may not converge with stop value 5.471E-05
The optimization may not converge with stop value 5.541E-05
The optimization may not converge with stop value 7.206E-05
The optimization may not converge with stop value 1.708E-04
The optimization may not converge with stop value 1.708E-04
The optimization may not converge with stop value 5.385E-05
The optimization may not converge with stop value 5.611E-05
The optimization may not converge with stop value 5.252E-05
The optimization may not converge with stop value 5.687E-05
The optimization may not converge with stop value 5.474E-05
The optimization may not converge with stop value 5.100E-05
The optimization may not converge with stop value 5.419E-05
The optimization may not converge with stop value 9.539E-05
The optimization may not converge with stop value 1.046E-04
The optimization may not converge with stop value 1.831E-04
The optimization may not converge with stop value 4.898E-04
The optimization may not converge with stop value 6.736E-05
The optimization may not converge with stop value 3.214E-04
The optimization may not converge with stop value 3.252E-04
The optimization may not converge with stop value 1.721E-04
The optimization may not converge with stop value 1.812E-04
The optimization may not converge with stop value 7.662E-05
The optimization may not converge with stop value 3.183E-04
The optimization may not converge with stop value 5.528E-05
The optimization may not converge with stop value 5.028E-05
The optimization may not converge with stop value 5.789E-05
The optimization may not converge with stop value 1.137E-04
The optimization may not converge with stop value 5.923E-05
The optimization may not converge with stop value 8.092E-05
The optimization may not converge with stop value 1.577E-04
The optimization may not converge with stop value 7.063E-05
The optimization may not converge with stop value 9.075E-04
The optimization may not converge with stop value 9.339E-05
The optimization may not converge with stop value 5.372E-05
The optimization may not converge with stop value 5.238E-05
The optimization may not converge with stop value 2.897E-04
The optimization may not converge with stop value 5.707E-05
The optimization may not converge with stop value 3.603E-04
The optimization may not converge with stop value 5.900E-05
The optimization may not converge with stop value 3.639E-04
The optimization may not converge with stop value 5.534E-05
The optimization may not converge with stop value 6.044E-05
The optimization may not converge with stop value 5.213E-05
The optimization may not converge with stop value 9.581E-05
The optimization may not converge with stop value 1.056E-04
The optimization may not converge with stop value 5.978E-05
The optimization may not converge with stop value 5.808E-05
The optimization may not converge with stop value 8.249E-05
The optimization may not converge with stop value 6.793E-05
The optimization may not converge with stop value 3.296E-04
The optimization may not converge with stop value 5.298E-05
The optimization may not converge with stop value 6.328E-05
The optimization may not converge with stop value 5.135E-05
The optimization may not converge with stop value 8.502E-05
The optimization may not converge with stop value 1.709E-04
The optimization may not converge with stop value 9.770E-05
The optimization may not converge with stop value 6.459E-05
The optimization may not converge with stop value 7.041E-04
The optimization may not converge with stop value 3.475E-04
The optimization may not converge with stop value 5.463E-05
The optimization may not converge with stop value 5.407E-05
The optimization may not converge with stop value 5.307E-05
The optimization may not converge with stop value 9.410E-05
The optimization may not converge with stop value 1.316E-04
The optimization may not converge with stop value 5.081E-05
The optimization may not converge with stop value 5.066E-04
The optimization may not converge with stop value 4.724E-04
The optimization may not converge with stop value 5.321E-05
The optimization may not converge with stop value 7.363E-05
The optimization may not converge with stop value 1.051E-04
The optimization may not converge with stop value 7.924E-05
The optimization may not converge with stop value 5.575E-05
The optimization may not converge with stop value 5.220E-04
The optimization may not converge with stop value 9.638E-05
The optimization may not converge with stop value 5.591E-04
The optimization may not converge with stop value 7.935E-05
The optimization may not converge with stop value 5.406E-05
The optimization may not converge with stop value 2.068E-04
The optimization may not converge with stop value 7.000E-05
The optimization may not converge with stop value 1.058E-04
The optimization may not converge with stop value 5.362E-04
The optimization may not converge with stop value 3.276E-04
The optimization may not converge with stop value 1.090E-04
The optimization may not converge with stop value 8.913E-05
The optimization may not converge with stop value 6.070E-05
The optimization may not converge with stop value 5.466E-05
The optimization may not converge with stop value 2.550E-04
The optimization may not converge with stop value 6.581E-05
The optimization may not converge with stop value 5.048E-05
The optimization may not converge with stop value 1.694E-04
The optimization may not converge with stop value 5.302E-05
The optimization may not converge with stop value 3.538E-04
The optimization may not converge with stop value 9.461E-05
The optimization may not converge with stop value 8.269E-05
The optimization may not converge with stop value 1.244E-04
The optimization may not converge with stop value 1.536E-04
The optimization may not converge with stop value 5.387E-04
The optimization may not converge with stop value 1.720E-04
The optimization may not converge with stop value 1.812E-04
The optimization may not converge with stop value 7.659E-05
The optimization may not converge with stop value 3.183E-04
The optimization may not converge with stop value 5.543E-05
The optimization may not converge with stop value 5.028E-05
The optimization may not converge with stop value 5.789E-05
The optimization may not converge with stop value 1.136E-04
The optimization may not converge with stop value 5.924E-05
The optimization may not converge with stop value 7.770E-05
The optimization may not converge with stop value 1.569E-04
The optimization may not converge with stop value 7.060E-05
The optimization may not converge with stop value 5.712E-05
The optimization may not converge with stop value 1.653E-04
The optimization may not converge with stop value 6.165E-05
The optimization may not converge with stop value 5.466E-05
The optimization may not converge with stop value 1.097E-04
The optimization may not converge with stop value 2.454E-04
The optimization may not converge with stop value 5.606E-04
The optimization may not converge with stop value 7.977E-05
The optimization may not converge with stop value 5.408E-05
The optimization may not converge with stop value 2.068E-04
The optimization may not converge with stop value 7.012E-05
The optimization may not converge with stop value 6.563E-04
The optimization may not converge with stop value 8.966E-05
The optimization may not converge with stop value 5.978E-05
The optimization may not converge with stop value 5.478E-05
The optimization may not converge with stop value 6.793E-05
The optimization may not converge with stop value 5.252E-05
The optimization may not converge with stop value 5.144E-05
The optimization may not converge with stop value 5.327E-05
The optimization may not converge with stop value 5.106E-05
The optimization may not converge with stop value 5.420E-05
The optimization may not converge with stop value 9.541E-05
The optimization may not converge with stop value 1.050E-04
The optimization may not converge with stop value 1.283E-04
The optimization may not converge with stop value 2.611E-04
The optimization may not converge with stop value 1.444E-04
The optimization may not converge with stop value 7.152E-05
The optimization may not converge with stop value 7.013E-05
The optimization may not converge with stop value 9.821E-05
The optimization may not converge with stop value 8.639E-05
The optimization may not converge with stop value 8.142E-04
The optimization may not converge with stop value 5.697E-05
The optimization may not converge with stop value 1.336E-04
The optimization may not converge with stop value 8.638E-05
The optimization may not converge with stop value 5.167E-05
The optimization may not converge with stop value 1.430E-04
The optimization may not converge with stop value 5.189E-05
The optimization may not converge with stop value 5.596E-05
The optimization may not converge with stop value 5.699E-05
The optimization may not converge with stop value 6.004E-05
The optimization may not converge with stop value 7.924E-05
The optimization may not converge with stop value 1.037E-04
The optimization may not converge with stop value 8.970E-05
The optimization may not converge with stop value 1.003E-04
The optimization may not converge with stop value 5.592E-04
The optimization may not converge with stop value 7.940E-05
The optimization may not converge with stop value 5.406E-05
The optimization may not converge with stop value 2.068E-04
The optimization may not converge with stop value 7.001E-05
The optimization may not converge with stop value 6.562E-04
The optimization may not converge with stop value 8.914E-05
The optimization may not converge with stop value 6.070E-05
The optimization may not converge with stop value 5.466E-05
The optimization may not converge with stop value 2.550E-04
The optimization may not converge with stop value 6.918E-05
The optimization may not converge with stop value 1.556E-04
The optimization may not converge with stop value 7.545E-05
The optimization may not converge with stop value 1.042E-04
The optimization may not converge with stop value 6.852E-05
The optimization may not converge with stop value 5.879E-05
The optimization may not converge with stop value 6.260E-05
The optimization may not converge with stop value 6.199E-05
The optimization may not converge with stop value 1.024E-04
The optimization may not converge with stop value 5.974E-05
The optimization may not converge with stop value 5.877E-05
The optimization may not converge with stop value 5.340E-05
The optimization may not converge with stop value 1.438E-04
The optimization may not converge with stop value 3.340E-04
The optimization may not converge with stop value 5.165E-05
The optimization may not converge with stop value 5.029E-05
The optimization may not converge with stop value 5.789E-05
The optimization may not converge with stop value 1.137E-04
The optimization may not converge with stop value 5.924E-05
The optimization may not converge with stop value 7.771E-05
The optimization may not converge with stop value 1.570E-04
The optimization may not converge with stop value 7.060E-05
The optimization may not converge with stop value 5.712E-05
The optimization may not converge with stop value 1.653E-04
The optimization may not converge with stop value 6.164E-05
The optimization may not converge with stop value 5.213E-05
The optimization may not converge with stop value 5.702E-05
The optimization may not converge with stop value 3.596E-04
The optimization may not converge with stop value 5.901E-05
The optimization may not converge with stop value 3.190E-04
The optimization may not converge with stop value 1.058E-04
The optimization may not converge with stop value 5.361E-04
The optimization may not converge with stop value 3.276E-04
The optimization may not converge with stop value 1.090E-04
The optimization may not converge with stop value 7.694E-05
The optimization may not converge with stop value 2.180E-04
The optimization may not converge with stop value 1.211E-04
The optimization may not converge with stop value 5.195E-05
The optimization may not converge with stop value 6.999E-05
The optimization may not converge with stop value 1.250E-04
The optimization may not converge with stop value 1.531E-04
The optimization may not converge with stop value 5.349E-05
The optimization may not converge with stop value 7.509E-05
The optimization may not converge with stop value 5.457E-04
The optimization may not converge with stop value 7.354E-05
The optimization may not converge with stop value 2.767E-04
The optimization may not converge with stop value 5.199E-05
The optimization may not converge with stop value 2.611E-04
The optimization may not converge with stop value 7.902E-05
The optimization may not converge with stop value 1.066E-04
The optimization may not converge with stop value 6.564E-05
The optimization may not converge with stop value 2.822E-04
The optimization may not converge with stop value 1.378E-04
The optimization may not converge with stop value 2.704E-04
The optimization may not converge with stop value 5.832E-05
The optimization may not converge with stop value 4.026E-04
The optimization may not converge with stop value 1.765E-03
The optimization may not converge with stop value 3.108E-04
The optimization may not converge with stop value 1.430E-04
The optimization may not converge with stop value 3.116E-04
The optimization may not converge with stop value 7.436E-05
The optimization may not converge with stop value 2.563E-04
The optimization may not converge with stop value 1.164E-04
The optimization may not converge with stop value 5.755E-05
The optimization may not converge with stop value 7.610E-05
The optimization may not converge with stop value 5.309E-05
The optimization may not converge with stop value 9.404E-05
The optimization may not converge with stop value 6.642E-05
The optimization may not converge with stop value 5.150E-04
The optimization may not converge with stop value 1.095E-04
The optimization may not converge with stop value 9.138E-04
The optimization may not converge with stop value 7.125E-05
The optimization may not converge with stop value 4.871E-04
The optimization may not converge with stop value 1.943E-04
The optimization may not converge with stop value 2.413E-04
The optimization may not converge with stop value 7.565E-05
The optimization may not converge with stop value 7.735E-04
The optimization may not converge with stop value 6.935E-05
The optimization may not converge with stop value 4.840E-04
The optimization may not converge with stop value 5.257E-05
The optimization may not converge with stop value 3.510E-04
The optimization may not converge with stop value 2.180E-04
The optimization may not converge with stop value 1.211E-04
The optimization may not converge with stop value 5.190E-05
The optimization may not converge with stop value 5.337E-05
The optimization may not converge with stop value 1.127E-04
The optimization may not converge with stop value 7.418E-05
The optimization may not converge with stop value 7.700E-05
The optimization may not converge with stop value 6.349E-05
The optimization may not converge with stop value 5.712E-05
The optimization may not converge with stop value 7.827E-05
The optimization may not converge with stop value 5.700E-05
The optimization may not converge with stop value 5.867E-05
The optimization may not converge with stop value 1.844E-04
The optimization may not converge with stop value 6.578E-05
The optimization may not converge with stop value 5.563E-05
The optimization may not converge with stop value 7.163E-05
The optimization may not converge with stop value 5.144E-05
The optimization may not converge with stop value 5.777E-05
The optimization may not converge with stop value 8.189E-05
The optimization may not converge with stop value 2.019E-04
The optimization may not converge with stop value 1.273E-04
The optimization may not converge with stop value 5.518E-05
The optimization may not converge with stop value 6.262E-05
The optimization may not converge with stop value 5.026E-05
The optimization may not converge with stop value 5.599E-05
The optimization may not converge with stop value 5.200E-05
The optimization may not converge with stop value 5.320E-05
The optimization may not converge with stop value 7.357E-05
The optimization may not converge with stop value 5.756E-05
The optimization may not converge with stop value 7.613E-05
The optimization may not converge with stop value 5.309E-05
The optimization may not converge with stop value 9.405E-05
The optimization may not converge with stop value 6.645E-05
The optimization may not converge with stop value 6.000E-05
The optimization may not converge with stop value 1.036E-04
The optimization may not converge with stop value 8.964E-05
The optimization may not converge with stop value 1.000E-04
The optimization may not converge with stop value 1.219E-04
The optimization may not converge with stop value 6.114E-05
The optimization may not converge with stop value 6.817E-05
The optimization may not converge with stop value 2.709E-04
The optimization may not converge with stop value 5.458E-05
The optimization may not converge with stop value 1.412E-04
The optimization may not converge with stop value 5.833E-05
The optimization may not converge with stop value 9.434E-05
The optimization may not converge with stop value 5.380E-05
The optimization may not converge with stop value 2.705E-04
The optimization may not converge with stop value 5.563E-04
The optimization may not converge with stop value 6.892E-05
The optimization may not converge with stop value 8.646E-05
The optimization may not converge with stop value 1.112E-04
The optimization may not converge with stop value 3.125E-04
The optimization may not converge with stop value 6.293E-05
The optimization may not converge with stop value 2.093E-04
The optimization may not converge with stop value 5.206E-05
The optimization may not converge with stop value 9.491E-05
The optimization may not converge with stop value 5.212E-05
The optimization may not converge with stop value 6.157E-05
The optimization may not converge with stop value 3.515E-04
The optimization may not converge with stop value 2.189E-04
The optimization may not converge with stop value 5.180E-05
The optimization may not converge with stop value 1.953E-04
The optimization may not converge with stop value 1.964E-04
The optimization may not converge with stop value 3.072E-04
The optimization may not converge with stop value 2.355E-04
The optimization may not converge with stop value 1.139E-04
The optimization may not converge with stop value 6.809E-05
The optimization may not converge with stop value 5.250E-05
The optimization may not converge with stop value 5.044E-05
The optimization may not converge with stop value 5.350E-05
The optimization may not converge with stop value 6.731E-05
The optimization may not converge with stop value 1.518E-04
The optimization may not converge with stop value 1.828E-04
The optimization may not converge with stop value 4.882E-04
The optimization may not converge with stop value 6.753E-05
The optimization may not converge with stop value 3.215E-04
The optimization may not converge with stop value 2.148E-04
The optimization may not converge with stop value 1.722E-04
The optimization may not converge with stop value 7.667E-05
The optimization may not converge with stop value 1.219E-04
The optimization may not converge with stop value 3.182E-04
The optimization may not converge with stop value 5.529E-05
The optimization may not converge with stop value 2.099E-04
The optimization may not converge with stop value 1.845E-04
The optimization may not converge with stop value 1.041E-04
The optimization may not converge with stop value 1.087E-04
The optimization may not converge with stop value 1.347E-04
The optimization may not converge with stop value 1.093E-04
The optimization may not converge with stop value 1.074E-04
The optimization may not converge with stop value 9.075E-05
The optimization may not converge with stop value 7.225E-05
The optimization may not converge with stop value 7.024E-04
The optimization may not converge with stop value 1.910E-04
The optimization may not converge with stop value 8.240E-05
The optimization may not converge with stop value 5.026E-05
The optimization may not converge with stop value 4.418E-04
The optimization may not converge with stop value 5.311E-05
The optimization may not converge with stop value 5.215E-05
The optimization may not converge with stop value 5.702E-05
The optimization may not converge with stop value 3.596E-04
The optimization may not converge with stop value 5.900E-05
The optimization may not converge with stop value 7.559E-05
The optimization may not converge with stop value 5.364E-05
The optimization may not converge with stop value 2.894E-04
The optimization may not converge with stop value 8.300E-05
The optimization may not converge with stop value 1.966E-04
The optimization may not converge with stop value 7.505E-04
The optimization may not converge with stop value 1.343E-04
The optimization may not converge with stop value 8.678E-05
The optimization may not converge with stop value 1.560E-04
The optimization may not converge with stop value 1.153E-04
The optimization may not converge with stop value 7.951E-05
The optimization may not converge with stop value 6.495E-05
The optimization may not converge with stop value 5.073E-05
The optimization may not converge with stop value 5.660E-05
The optimization may not converge with stop value 5.580E-05
The optimization may not converge with stop value 6.020E-04
The optimization may not converge with stop value 8.817E-04
The optimization may not converge with stop value 6.922E-04
The optimization may not converge with stop value 6.906E-05
The optimization may not converge with stop value 3.292E-03
The optimization may not converge with stop value 3.318E-04
The optimization may not converge with stop value 1.830E-04
The optimization may not converge with stop value 4.884E-04
The optimization may not converge with stop value 6.741E-05
The optimization may not converge with stop value 3.215E-04
The optimization may not converge with stop value 3.247E-04
The optimization may not converge with stop value 1.225E-04
The optimization may not converge with stop value 5.176E-05
The optimization may not converge with stop value 5.568E-05
The optimization may not converge with stop value 1.283E-04
The optimization may not converge with stop value 1.316E-04
The optimization may not converge with stop value 8.210E-05
The optimization may not converge with stop value 7.338E-05
The optimization may not converge with stop value 8.394E-05
The optimization may not converge with stop value 5.567E-04
The optimization may not converge with stop value 4.724E-04
The optimization may not converge with stop value 1.037E-03
The optimization may not converge with stop value 7.798E-05
The optimization may not converge with stop value 1.415E-03
The optimization may not converge with stop value 4.349E-04
The optimization may not converge with stop value 5.481E-05
The optimization may not converge with stop value 1.098E-04
The optimization may not converge with stop value 6.951E-05
The optimization may not converge with stop value 2.460E-04
The optimization may not converge with stop value 1.210E-04
The optimization may not converge with stop value 7.558E-05
The optimization may not converge with stop value 5.364E-05
The optimization may not converge with stop value 2.894E-04
The optimization may not converge with stop value 8.310E-05
The optimization may not converge with stop value 6.294E-05
The optimization may not converge with stop value 2.093E-04
The optimization may not converge with stop value 1.455E-04
The optimization may not converge with stop value 1.564E-04
The optimization may not converge with stop value 5.252E-05
The optimization may not converge with stop value 7.324E-05
The optimization may not converge with stop value 5.576E-05
The optimization may not converge with stop value 6.916E-05
The optimization may not converge with stop value 1.551E-04
The optimization may not converge with stop value 7.545E-05
The optimization may not converge with stop value 1.041E-04
The optimization may not converge with stop value 6.821E-05
The optimization may not converge with stop value 1.203E-04
The optimization may not converge with stop value 8.094E-05
The optimization may not converge with stop value 1.234E-04
The optimization may not converge with stop value 6.410E-05
The optimization may not converge with stop value 7.370E-05
The optimization may not converge with stop value 1.477E-04
The optimization may not converge with stop value 1.696E-04
The optimization may not converge with stop value 4.999E-05
The optimization may not converge with stop value 1.438E-04
The optimization may not converge with stop value 1.057E-04
The optimization may not converge with stop value 3.335E-04
The optimization may not converge with stop value 5.164E-05
The optimization may not converge with stop value 1.637E-04
The optimization may not converge with stop value 1.360E-04
The optimization may not converge with stop value 5.671E-05
The optimization may not converge with stop value 5.222E-04
The optimization may not converge with stop value 2.065E-04
The optimization may not converge with stop value 6.682E-05
The optimization may not converge with stop value 1.843E-04
The optimization may not converge with stop value 5.017E-05
The optimization may not converge with stop value 5.667E-05
The optimization may not converge with stop value 5.362E-05
The optimization may not converge with stop value 5.596E-05
The optimization may not converge with stop value 1.337E-04
The optimization may not converge with stop value 5.534E-05
The optimization may not converge with stop value 6.044E-05
The optimization may not converge with stop value 1.564E-04
The optimization may not converge with stop value 5.252E-05
The optimization may not converge with stop value 7.331E-05
The optimization may not converge with stop value 5.576E-05
The optimization may not converge with stop value 6.917E-05
The optimization may not converge with stop value 1.551E-04
The optimization may not converge with stop value 7.545E-05
The optimization may not converge with stop value 1.041E-04
The optimization may not converge with stop value 6.847E-05
The optimization may not converge with stop value 5.884E-05
The optimization may not converge with stop value 6.261E-05
The optimization may not converge with stop value 6.200E-05
The optimization may not converge with stop value 3.202E-04
The optimization may not converge with stop value 4.851E-04
The optimization may not converge with stop value 1.207E-04
The optimization may not converge with stop value 2.099E-04
The optimization may not converge with stop value 3.803E-04
The optimization may not converge with stop value 1.042E-04
The optimization may not converge with stop value 5.518E-05
The optimization may not converge with stop value 6.262E-05
The optimization may not converge with stop value 6.376E-05
The optimization may not converge with stop value 7.270E-05
The optimization may not converge with stop value 6.223E-05
The optimization may not converge with stop value 6.678E-05
The optimization may not converge with stop value 8.752E-05
The optimization may not converge with stop value 2.897E-04
The optimization may not converge with stop value 1.654E-04
The optimization may not converge with stop value 4.978E-04
The optimization may not converge with stop value 5.374E-05
The optimization may not converge with stop value 5.362E-05
The optimization may not converge with stop value 5.596E-05
The optimization may not converge with stop value 1.966E-04
The optimization may not converge with stop value 7.506E-04
The optimization may not converge with stop value 1.560E-04
The optimization may not converge with stop value 1.153E-04
The optimization may not converge with stop value 5.264E-05
The optimization may not converge with stop value 7.370E-05
The optimization may not converge with stop value 5.589E-05
The optimization may not converge with stop value 7.494E-05
The optimization may not converge with stop value 8.903E-05
The optimization may not converge with stop value 1.911E-04
The optimization may not converge with stop value 7.981E-05
The optimization may not converge with stop value 5.243E-05
The optimization may not converge with stop value 6.939E-05
The optimization may not converge with stop value 6.437E-05
The optimization may not converge with stop value 5.770E-04
The optimization may not converge with stop value 7.251E-05
The optimization may not converge with stop value 6.219E-05
The optimization may not converge with stop value 5.373E-05
The optimization may not converge with stop value 5.036E-05
The optimization may not converge with stop value 5.166E-05
The optimization may not converge with stop value 5.077E-05
The optimization may not converge with stop value 5.486E-05
The optimization may not converge with stop value 1.130E-04
The optimization may not converge with stop value 5.425E-05
The optimization may not converge with stop value 6.961E-05
The optimization may not converge with stop value 7.097E-05
The optimization may not converge with stop value 5.549E-05
The optimization may not converge with stop value 2.985E-04
The optimization may not converge with stop value 6.478E-05
The optimization may not converge with stop value 5.005E-05
The optimization may not converge with stop value 6.576E-05
The optimization may not converge with stop value 1.099E-04
The optimization may not converge with stop value 7.456E-05
The optimization may not converge with stop value 8.237E-05
The optimization may not converge with stop value 1.305E-04
The optimization may not converge with stop value 8.071E-04
The optimization may not converge with stop value 6.891E-05
The optimization may not converge with stop value 8.647E-05
The optimization may not converge with stop value 1.112E-04
The optimization may not converge with stop value 3.119E-04
The optimization may not converge with stop value 1.363E-03
The optimization may not converge with stop value 2.267E-04
The optimization may not converge with stop value 6.970E-05
The optimization may not converge with stop value 1.817E-04
The optimization may not converge with stop value 5.545E-05
The optimization may not converge with stop value 5.257E-05
The optimization may not converge with stop value 5.172E-05
The optimization may not converge with stop value 5.775E-05
The optimization may not converge with stop value 7.031E-05
The optimization may not converge with stop value 8.937E-05
The optimization may not converge with stop value 8.426E-05
The optimization may not converge with stop value 1.163E-04
The optimization may not converge with stop value 5.242E-05
The optimization may not converge with stop value 6.937E-05
The optimization may not converge with stop value 6.436E-05
The optimization may not converge with stop value 5.647E-05
The optimization may not converge with stop value 5.858E-05
The optimization may not converge with stop value 5.876E-05
The optimization may not converge with stop value 5.338E-05
The optimization may not converge with stop value 1.870E-04
The optimization may not converge with stop value 1.054E-04
The optimization may not converge with stop value 1.560E-04
The optimization may not converge with stop value 6.716E-05
The optimization may not converge with stop value 1.980E-04
The optimization may not converge with stop value 1.399E-04
The optimization may not converge with stop value 5.167E-05
The optimization may not converge with stop value 5.188E-05
The optimization may not converge with stop value 5.594E-05
The optimization may not converge with stop value 5.698E-05
The optimization may not converge with stop value 8.258E-05
The optimization may not converge with stop value 5.027E-05
The optimization may not converge with stop value 4.415E-04
The optimization may not converge with stop value 5.311E-05
The optimization may not converge with stop value 1.218E-04
The optimization may not converge with stop value 6.121E-05
The optimization may not converge with stop value 6.816E-05
The optimization may not converge with stop value 2.709E-04
The optimization may not converge with stop value 5.459E-05
The optimization may not converge with stop value 2.942E-04
The optimization may not converge with stop value 1.137E-04
The optimization may not converge with stop value 5.037E-05
The optimization may not converge with stop value 6.970E-05
The optimization may not converge with stop value 1.816E-04
The optimization may not converge with stop value 3.923E-04
The optimization may not converge with stop value 1.460E-04
The optimization may not converge with stop value 1.151E-04
The optimization may not converge with stop value 2.204E-04
The optimization may not converge with stop value 5.817E-05
The optimization may not converge with stop value 3.032E-04
The optimization may not converge with stop value 5.252E-05
The optimization may not converge with stop value 5.688E-05
The optimization may not converge with stop value 5.474E-05
The optimization may not converge with stop value 5.099E-05
The optimization may not converge with stop value 5.417E-05
The optimization may not converge with stop value 9.537E-05
The optimization may not converge with stop value 7.870E-05
The optimization may not converge with stop value 5.196E-05
The optimization may not converge with stop value 7.897E-05
The optimization may not converge with stop value 1.065E-04
The optimization may not converge with stop value 5.037E-05
The optimization may not converge with stop value 1.054E-04
The optimization may not converge with stop value 5.078E-05
The optimization may not converge with stop value 5.486E-05
The optimization may not converge with stop value 1.132E-04
The optimization may not converge with stop value 5.426E-05
The optimization may not converge with stop value 6.968E-05
The optimization may not converge with stop value 7.097E-05
The optimization may not converge with stop value 5.533E-05
The optimization may not converge with stop value 3.007E-04
The optimization may not converge with stop value 6.484E-05
The optimization may not converge with stop value 5.012E-05
The optimization may not converge with stop value 2.195E-04
The optimization may not converge with stop value 1.243E-04
The optimization may not converge with stop value 2.858E-04
The optimization may not converge with stop value 4.630E-04
The optimization may not converge with stop value 1.016E-04
The optimization may not converge with stop value 1.322E-04
The optimization may not converge with stop value 1.223E-04
The optimization may not converge with stop value 1.037E-04
The optimization may not converge with stop value 6.856E-05
The optimization may not converge with stop value 2.707E-04
The optimization may not converge with stop value 5.459E-05
The optimization may not converge with stop value 2.416E-04
The optimization may not converge with stop value 6.650E-05
The optimization may not converge with stop value 5.035E-05
The optimization may not converge with stop value 9.295E-05
The optimization may not converge with stop value 3.891E-04
The optimization may not converge with stop value 1.149E-04
The optimization may not converge with stop value 1.158E-04
The optimization may not converge with stop value 2.263E-04
The optimization may not converge with stop value 9.412E-05
The optimization may not converge with stop value 3.015E-04
The optimization may not converge with stop value 7.523E-05
The optimization may not converge with stop value 8.925E-05
The optimization may not converge with stop value 8.427E-05
The optimization may not converge with stop value 1.918E-04
The optimization may not converge with stop value 1.163E-04
The optimization may not converge with stop value 5.880E-05
The optimization may not converge with stop value 6.261E-05
The optimization may not converge with stop value 6.199E-05
The optimization may not converge with stop value 5.863E-05
The optimization may not converge with stop value 5.876E-05
The optimization may not converge with stop value 5.338E-05
The optimization may not converge with stop value 5.036E-05
The optimization may not converge with stop value 5.164E-05
The optimization may not converge with stop value 5.078E-05
The optimization may not converge with stop value 5.692E-05
The optimization may not converge with stop value 1.130E-04
The optimization may not converge with stop value 5.948E-05
The optimization may not converge with stop value 6.961E-05
The optimization may not converge with stop value 7.087E-05
The optimization may not converge with stop value 5.558E-05
The optimization may not converge with stop value 2.981E-04
The optimization may not converge with stop value 6.477E-05
The optimization may not converge with stop value 5.004E-05
The optimization may not converge with stop value 2.195E-04
The optimization may not converge with stop value 1.243E-04
The optimization may not converge with stop value 2.858E-04
The optimization may not converge with stop value 4.629E-04
The optimization may not converge with stop value 1.016E-04
The optimization may not converge with stop value 1.322E-04
The optimization may not converge with stop value 1.037E-04
The optimization may not converge with stop value 7.593E-05
The optimization may not converge with stop value 3.639E-04
The optimization may not converge with stop value 5.374E-05
The optimization may not converge with stop value 2.892E-04
The optimization may not converge with stop value 8.191E-05
The optimization may not converge with stop value 6.649E-05
The optimization may not converge with stop value 5.035E-05
The optimization may not converge with stop value 9.296E-05
The optimization may not converge with stop value 1.259E-04
The optimization may not converge with stop value 3.891E-04
The optimization may not converge with stop value 1.149E-04
The optimization may not converge with stop value 1.158E-04
The optimization may not converge with stop value 2.264E-04
The optimization may not converge with stop value 9.412E-05
The optimization may not converge with stop value 3.015E-04
The optimization may not converge with stop value 6.583E-05
The optimization may not converge with stop value 5.049E-05
The optimization may not converge with stop value 1.694E-04
The optimization may not converge with stop value 9.778E-05
The optimization may not converge with stop value 1.767E-04
The optimization may not converge with stop value 5.033E-05
The optimization may not converge with stop value 4.318E-04
The optimization may not converge with stop value 5.063E-05
The optimization may not converge with stop value 6.775E-05
The optimization may not converge with stop value 7.249E-05
The optimization may not converge with stop value 6.218E-05
The optimization may not converge with stop value 5.644E-05
The optimization may not converge with stop value 1.438E-04
The optimization may not converge with stop value 1.058E-04
The optimization may not converge with stop value 3.333E-04
The optimization may not converge with stop value 1.077E-04
The optimization may not converge with stop value 5.164E-05
The optimization may not converge with stop value 5.679E-05
The optimization may not converge with stop value 1.362E-04
The optimization may not converge with stop value 5.673E-05
The optimization may not converge with stop value 5.230E-04
The optimization may not converge with stop value 1.137E-03
The optimization may not converge with stop value 2.065E-04
The optimization may not converge with stop value 6.397E-05
The optimization may not converge with stop value 7.391E-05
The optimization may not converge with stop value 2.619E-04
The optimization may not converge with stop value 3.623E-04
The optimization may not converge with stop value 1.843E-04
The optimization may not converge with stop value 5.018E-05
The optimization may not converge with stop value 5.675E-05
The optimization may not converge with stop value 1.289E-04
The optimization may not converge with stop value 5.365E-05
The optimization may not converge with stop value 5.608E-05
The optimization may not converge with stop value 1.207E-04
The optimization may not converge with stop value 1.022E-04
The optimization may not converge with stop value 1.351E-04
The optimization may not converge with stop value 6.784E-05
The optimization may not converge with stop value 1.004E-03
The optimization may not converge with stop value 1.662E-04
The optimization may not converge with stop value 1.460E-04
The optimization may not converge with stop value 1.150E-04
The optimization may not converge with stop value 2.191E-04
The optimization may not converge with stop value 5.817E-05
The optimization may not converge with stop value 1.832E-04
The optimization may not converge with stop value 7.824E-05
The optimization may not converge with stop value 5.699E-05
The optimization may not converge with stop value 5.859E-05
The optimization may not converge with stop value 1.843E-04
The optimization may not converge with stop value 5.494E-05
The optimization may not converge with stop value 1.203E-04
The optimization may not converge with stop value 8.090E-05
The optimization may not converge with stop value 1.234E-04
The optimization may not converge with stop value 1.356E-04
The optimization may not converge with stop value 6.409E-05
The optimization may not converge with stop value 8.198E-05
The optimization may not converge with stop value 2.027E-04
The optimization may not converge with stop value 1.273E-04
The optimization may not converge with stop value 6.241E-05
The optimization may not converge with stop value 7.012E-05
The optimization may not converge with stop value 5.293E-05
The optimization may not converge with stop value 5.166E-05
The optimization may not converge with stop value 5.188E-05
The optimization may not converge with stop value 5.594E-05
The optimization may not converge with stop value 5.698E-05
The optimization may not converge with stop value 8.074E-05
The optimization may not converge with stop value 1.577E-04
The optimization may not converge with stop value 7.921E-05
The optimization may not converge with stop value 9.107E-04
The optimization may not converge with stop value 9.316E-05
The optimization may not converge with stop value 5.373E-05
The optimization may not converge with stop value 5.764E-05
The optimization may not converge with stop value 1.945E-04
The optimization may not converge with stop value 7.628E-05
The optimization may not converge with stop value 5.310E-05
The optimization may not converge with stop value 9.417E-05
The optimization may not converge with stop value 6.663E-05
The optimization may not converge with stop value 4.034E-04
The optimization may not converge with stop value 1.098E-04
The optimization may not converge with stop value 6.951E-05
The optimization may not converge with stop value 2.465E-04
The optimization may not converge with stop value 1.210E-04
The optimization may not converge with stop value 5.165E-04
The optimization may not converge with stop value 9.122E-04
The optimization may not converge with stop value 4.865E-04
The optimization may not converge with stop value 1.941E-04
The optimization may not converge with stop value 1.414E-04
The optimization may not converge with stop value 7.795E-04
The optimization may not converge with stop value 9.436E-05
The optimization may not converge with stop value 5.383E-05
The optimization may not converge with stop value 2.709E-04
The optimization may not converge with stop value 1.274E-04
The optimization may not converge with stop value 9.838E-05
The optimization may not converge with stop value 1.178E-03
The optimization may not converge with stop value 1.031E-04
The optimization may not converge with stop value 9.135E-05
The optimization may not converge with stop value 9.315E-05
The optimization may not converge with stop value 8.186E-05
The optimization may not converge with stop value 6.187E-05
The optimization may not converge with stop value 4.860E-04
The optimization may not converge with stop value 2.544E-04
The optimization may not converge with stop value 5.544E-05
The optimization may not converge with stop value 5.257E-05
The optimization may not converge with stop value 5.172E-05
The optimization may not converge with stop value 5.775E-05
The optimization may not converge with stop value 6.328E-05
The optimization may not converge with stop value 5.137E-05
The optimization may not converge with stop value 8.500E-05
The optimization may not converge with stop value 1.709E-04
The optimization may not converge with stop value 5.110E-05
The optimization may not converge with stop value 6.387E-05
The optimization may not converge with stop value 2.519E-04
The optimization may not converge with stop value 6.447E-05
The optimization may not converge with stop value 6.160E-05
The optimization may not converge with stop value 6.263E-05
The optimization may not converge with stop value 5.627E-05
The optimization may not converge with stop value 1.364E-04
The optimization may not converge with stop value 7.139E-05
The optimization may not converge with stop value 7.643E-05
The optimization may not converge with stop value 1.378E-04
The optimization may not converge with stop value 6.243E-05
The optimization may not converge with stop value 7.016E-05
The optimization may not converge with stop value 5.294E-05
The optimization may not converge with stop value 5.599E-05
The optimization may not converge with stop value 5.201E-05
The optimization may not converge with stop value 2.194E-04
The optimization may not converge with stop value 2.856E-04
The optimization may not converge with stop value 4.633E-04
The optimization may not converge with stop value 1.016E-04
The optimization may not converge with stop value 1.324E-04
The optimization may not converge with stop value 5.150E-04
The optimization may not converge with stop value 1.095E-04
The optimization may not converge with stop value 9.139E-04
The optimization may not converge with stop value 7.124E-05
The optimization may not converge with stop value 4.871E-04
The optimization may not converge with stop value 1.942E-04
The optimization may not converge with stop value 2.943E-04
The optimization may not converge with stop value 1.140E-04
The optimization may not converge with stop value 7.562E-05
The optimization may not converge with stop value 7.735E-04
The optimization may not converge with stop value 6.189E-05
The optimization may not converge with stop value 4.854E-04
The optimization may not converge with stop value 5.256E-05
The optimization may not converge with stop value 7.325E-05
The optimization may not converge with stop value 7.806E-05
The optimization may not converge with stop value 5.246E-04
The optimization may not converge with stop value 9.688E-05
The optimization may not converge with stop value 7.513E-05
The optimization may not converge with stop value 8.918E-05
The optimization may not converge with stop value 8.428E-05
The optimization may not converge with stop value 1.915E-04
The optimization may not converge with stop value 7.997E-05
The optimization may not converge with stop value 5.245E-05
The optimization may not converge with stop value 6.939E-05
The optimization may not converge with stop value 6.439E-05
The optimization may not converge with stop value 5.788E-04
The optimization may not converge with stop value 7.250E-05
The optimization may not converge with stop value 6.218E-05
The optimization may not converge with stop value 5.367E-05
The optimization may not converge with stop value 9.401E-05
The optimization may not converge with stop value 5.329E-04
The optimization may not converge with stop value 5.080E-05
The optimization may not converge with stop value 5.059E-04
The optimization may not converge with stop value 8.959E-05
The optimization may not converge with stop value 1.365E-04
The optimization may not converge with stop value 4.411E-04
The optimization may not converge with stop value 5.369E-05
The optimization may not converge with stop value 1.576E-04
The optimization may not converge with stop value 7.640E-05
The optimization may not converge with stop value 5.540E-05
The optimization may not converge with stop value 4.412E-04
The optimization may not converge with stop value 5.116E-05
The optimization may not converge with stop value 5.080E-05
The optimization may not converge with stop value 2.890E-04
The optimization may not converge with stop value 5.337E-05
The optimization may not converge with stop value 1.127E-04
The optimization may not converge with stop value 7.418E-05
The optimization may not converge with stop value 7.698E-05
The optimization may not converge with stop value 6.349E-05
The optimization may not converge with stop value 5.495E-04
The optimization may not converge with stop value 7.000E-05
The optimization may not converge with stop value 1.251E-04
The optimization may not converge with stop value 1.531E-04
The optimization may not converge with stop value 6.585E-05
The optimization may not converge with stop value 1.519E-04
The optimization may not converge with stop value 3.496E-04
The optimization may not converge with stop value 9.462E-05
The optimization may not converge with stop value 8.273E-05
The optimization may not converge with stop value 1.244E-04
The optimization may not converge with stop value 1.536E-04
The optimization may not converge with stop value 5.061E-05
The optimization may not converge with stop value 2.101E-04
The optimization may not converge with stop value 1.890E-04
The optimization may not converge with stop value 5.967E-05
The optimization may not converge with stop value 1.080E-04
The optimization may not converge with stop value 1.346E-04
The optimization may not converge with stop value 1.093E-04
The optimization may not converge with stop value 1.071E-04
The optimization may not converge with stop value 3.421E-04
The optimization may not converge with stop value 1.037E-04
The optimization may not converge with stop value 2.869E-04
The optimization may not converge with stop value 1.958E-04
The optimization may not converge with stop value 1.576E-04
The optimization may not converge with stop value 5.112E-05
The optimization may not converge with stop value 7.634E-05
The optimization may not converge with stop value 4.178E-04
The optimization may not converge with stop value 5.071E-05
The optimization may not converge with stop value 5.285E-05
The optimization may not converge with stop value 4.107E-04
The optimization may not converge with stop value 5.473E-05
The optimization may not converge with stop value 1.578E-04
The optimization may not converge with stop value 3.543E-04
The optimization may not converge with stop value 7.661E-05
The optimization may not converge with stop value 4.238E-04
The optimization may not converge with stop value 1.953E-04
The optimization may not converge with stop value 1.964E-04
The optimization may not converge with stop value 3.072E-04
The optimization may not converge with stop value 2.355E-04
The optimization may not converge with stop value 1.139E-04
The optimization may not converge with stop value 6.809E-05
The optimization may not converge with stop value 7.826E-05
The optimization may not converge with stop value 5.699E-05
The optimization may not converge with stop value 5.867E-05
The optimization may not converge with stop value 1.844E-04
The optimization may not converge with stop value 6.573E-05
The optimization may not converge with stop value 5.565E-05
The optimization may not converge with stop value 7.164E-05
The optimization may not converge with stop value 6.702E-05
The optimization may not converge with stop value 5.605E-05
The optimization may not converge with stop value 5.196E-05
The optimization may not converge with stop value 7.899E-05
The optimization may not converge with stop value 1.065E-04
The optimization may not converge with stop value 6.539E-05
The optimization may not converge with stop value 8.637E-05
The optimization may not converge with stop value 5.520E-05
The optimization may not converge with stop value 6.265E-05
The optimization may not converge with stop value 6.961E-05
The optimization may not converge with stop value 7.088E-05
The optimization may not converge with stop value 6.544E-05
The optimization may not converge with stop value 2.977E-04
The optimization may not converge with stop value 6.477E-05
The optimization may not converge with stop value 5.002E-05
The optimization may not converge with stop value 8.243E-05
The optimization may not converge with stop value 5.026E-05
The optimization may not converge with stop value 4.418E-04
The optimization may not converge with stop value 5.310E-05
The optimization may not converge with stop value 1.843E-04
The optimization may not converge with stop value 5.017E-05
The optimization may not converge with stop value 5.668E-05
The optimization may not converge with stop value 7.113E-05
The optimization may not converge with stop value 1.289E-04
The optimization may not converge with stop value 7.930E-05
The optimization may not converge with stop value 3.706E-04
The optimization may not converge with stop value 7.564E-05
The optimization may not converge with stop value 8.184E-05
The optimization may not converge with stop value 6.187E-05
The optimization may not converge with stop value 4.857E-04
The optimization may not converge with stop value 2.544E-04
The optimization may not converge with stop value 7.324E-05
The optimization may not converge with stop value 7.805E-05
The optimization may not converge with stop value 5.244E-04
The optimization may not converge with stop value 9.687E-05
==============================================================
job_number:                 9406214
exec_file:                  job_scripts/9406214
submission_time:            Thu Jun 15 20:40:08 2023
owner:                      hjin
uid:                        1646
group:                      rajlab
gid:                        1226
sge_o_home:                 /wynton/home/rajlab/hjin
sge_o_log_name:             hjin
sge_o_path:                 /salilab/diva1/home/anaconda/anaconda3/bin:/salilab/diva1/home/anaconda/anaconda3/condabin:/opt/sge/bin:/opt/sge/bin/lx-amd64:/usr/local/bin:/usr/bin:/usr/local/sbin:/usr/sbin:/wynton/home/rajlab/hjin/.local/bin:/wynton/home/rajlab/hjin/bin
sge_o_shell:                /bin/bash
sge_o_workdir:              /wynton/home/rajlab/hjin/MyResearch/HDF/bash_scripts/wynton
sge_o_host:                 log1
account:                    sge
cwd:                        /wynton/home/rajlab/hjin/MyResearch/HDF/bash_scripts/
stderr_path_list:           NONE:NONE:wynton/logs/$JOB_NAME_$JOB_ID.err
hard resource_list:         rocky8=false,mem_free=2G,h_rt=172800,scratch=2G
mail_list:                  hjin@log1
notify:                     FALSE
job_name:                   Realdata40
stdout_path_list:           NONE:NONE:wynton/logs/$JOB_NAME_$JOB_ID.out
jobshare:                   0
hard_queue_list:            !*gpu.q
shell_list:                 NONE:/bin/bash
env_list:                   TERM=NONE
script_file:                real_data_run.sh
parallel environment:  smp range: 30
project:                    surbecklab
binding:                    NONE
job_type:                   NONE
usage         1:            cpu=150:14:57, mem=142786.20672 GB s, io=8.57988 GB, vmem=3.893G, maxvmem=8.801G
binding       1:            NONE
scheduling info:            (Collecting of scheduler job information is turned off)
