Load file /wynton/home/rajlab/hjin/MyResearch/HDF/bash_scripts/../mypkg/../data/AD_vs_Ctrl_PSD/AD88_PSD100_all.pkl
Load file /wynton/home/rajlab/hjin/MyResearch/HDF/bash_scripts/../mypkg/../data/AD_vs_Ctrl_PSD/Ctrl70_PSD100_all.pkl
(152, 68, 100) (152,) (152, 3)
The optimization may not converge with stop value 9.158E-05
The optimization may not converge with stop value 1.731E-04
The optimization may not converge with stop value 7.950E-05
The optimization may not converge with stop value 1.223E-04
The optimization may not converge with stop value 7.026E-05
The optimization may not converge with stop value 1.119E-04
The optimization may not converge with stop value 6.685E-05
The optimization may not converge with stop value 5.914E-05
The optimization may not converge with stop value 7.177E-05
The optimization may not converge with stop value 5.856E-04
The optimization may not converge with stop value 7.400E-05
The optimization may not converge with stop value 6.634E-05
The optimization may not converge with stop value 5.845E-05
The optimization may not converge with stop value 6.883E-05
The optimization may not converge with stop value 8.817E-05
The optimization may not converge with stop value 5.345E-04
The optimization may not converge with stop value 5.432E-05
The optimization may not converge with stop value 6.540E-05
The optimization may not converge with stop value 2.783E-04
The optimization may not converge with stop value 1.862E-04
The optimization may not converge with stop value 2.353E-04
The optimization may not converge with stop value 1.479E-04
The optimization may not converge with stop value 5.981E-05
The optimization may not converge with stop value 6.091E-05
The optimization may not converge with stop value 5.915E-05
The optimization may not converge with stop value 5.275E-05
The optimization may not converge with stop value 1.009E-04
The optimization may not converge with stop value 1.398E-04
The optimization may not converge with stop value 5.192E-05
The optimization may not converge with stop value 6.626E-05
The optimization may not converge with stop value 2.668E-04
The optimization may not converge with stop value 1.113E-04
The optimization may not converge with stop value 5.322E-05
The optimization may not converge with stop value 6.523E-05
The optimization may not converge with stop value 1.503E-04
The optimization may not converge with stop value 2.165E-04
The optimization may not converge with stop value 1.548E-04
The optimization may not converge with stop value 9.606E-05
The optimization may not converge with stop value 7.552E-05
The optimization may not converge with stop value 5.604E-05
The optimization may not converge with stop value 5.544E-05
The optimization may not converge with stop value 9.303E-05
The optimization may not converge with stop value 7.916E-05
The optimization may not converge with stop value 1.288E-04
The optimization may not converge with stop value 5.056E-05
The optimization may not converge with stop value 5.638E-05
The optimization may not converge with stop value 6.158E-05
The optimization may not converge with stop value 5.103E-05
The optimization may not converge with stop value 5.774E-05
The optimization may not converge with stop value 6.178E-05
The optimization may not converge with stop value 5.400E-05
The optimization may not converge with stop value 1.006E-04
The optimization may not converge with stop value 1.130E-04
The optimization may not converge with stop value 1.779E-04
The optimization may not converge with stop value 5.821E-05
The optimization may not converge with stop value 6.220E-05
The optimization may not converge with stop value 1.829E-04
The optimization may not converge with stop value 3.954E-04
The optimization may not converge with stop value 1.433E-04
The optimization may not converge with stop value 7.043E-05
The optimization may not converge with stop value 5.429E-05
The optimization may not converge with stop value 6.752E-05
The optimization may not converge with stop value 2.259E-04
The optimization may not converge with stop value 5.093E-05
The optimization may not converge with stop value 5.073E-05
The optimization may not converge with stop value 1.186E-04
The optimization may not converge with stop value 1.794E-04
The optimization may not converge with stop value 7.878E-05
The optimization may not converge with stop value 2.498E-04
The optimization may not converge with stop value 6.758E-05
The optimization may not converge with stop value 1.712E-04
The optimization may not converge with stop value 2.901E-04
The optimization may not converge with stop value 7.442E-05
The optimization may not converge with stop value 6.867E-05
The optimization may not converge with stop value 5.470E-05
The optimization may not converge with stop value 1.925E-04
The optimization may not converge with stop value 6.498E-05
The optimization may not converge with stop value 5.776E-05
The optimization may not converge with stop value 3.301E-04
The optimization may not converge with stop value 7.999E-05
The optimization may not converge with stop value 5.605E-04
The optimization may not converge with stop value 8.734E-05
The optimization may not converge with stop value 3.837E-04
The optimization may not converge with stop value 9.698E-05
The optimization may not converge with stop value 7.471E-05
The optimization may not converge with stop value 6.432E-05
The optimization may not converge with stop value 1.225E-04
The optimization may not converge with stop value 1.905E-04
The optimization may not converge with stop value 1.560E-04
The optimization may not converge with stop value 6.272E-05
The optimization may not converge with stop value 8.083E-05
The optimization may not converge with stop value 6.178E-05
The optimization may not converge with stop value 4.671E-04
The optimization may not converge with stop value 1.351E-04
The optimization may not converge with stop value 6.517E-05
The optimization may not converge with stop value 9.365E-05
The optimization may not converge with stop value 6.770E-05
The optimization may not converge with stop value 1.351E-04
The optimization may not converge with stop value 5.604E-05
The optimization may not converge with stop value 5.470E-05
The optimization may not converge with stop value 5.101E-05
The optimization may not converge with stop value 6.430E-05
The optimization may not converge with stop value 6.382E-05
The optimization may not converge with stop value 6.454E-05
The optimization may not converge with stop value 6.954E-05
The optimization may not converge with stop value 1.096E-04
The optimization may not converge with stop value 9.462E-05
The optimization may not converge with stop value 1.767E-04
The optimization may not converge with stop value 9.167E-05
The optimization may not converge with stop value 6.319E-05
The optimization may not converge with stop value 5.300E-05
The optimization may not converge with stop value 5.414E-05
The optimization may not converge with stop value 8.026E-05
The optimization may not converge with stop value 5.580E-05
The optimization may not converge with stop value 4.128E-04
The optimization may not converge with stop value 5.441E-05
The optimization may not converge with stop value 6.305E-05
The optimization may not converge with stop value 7.252E-05
The optimization may not converge with stop value 6.043E-05
The optimization may not converge with stop value 2.076E-04
The optimization may not converge with stop value 5.692E-05
The optimization may not converge with stop value 1.031E-04
The optimization may not converge with stop value 1.307E-04
The optimization may not converge with stop value 1.389E-04
The optimization may not converge with stop value 1.084E-04
The optimization may not converge with stop value 5.803E-05
The optimization may not converge with stop value 1.350E-04
The optimization may not converge with stop value 1.332E-04
The optimization may not converge with stop value 8.423E-05
The optimization may not converge with stop value 5.609E-05
The optimization may not converge with stop value 8.513E-05
The optimization may not converge with stop value 1.208E-04
The optimization may not converge with stop value 9.451E-05
The optimization may not converge with stop value 1.871E-04
The optimization may not converge with stop value 1.997E-04
The optimization may not converge with stop value 1.191E-03
The optimization may not converge with stop value 9.102E-05
The optimization may not converge with stop value 7.892E-05
The optimization may not converge with stop value 6.235E-05
The optimization may not converge with stop value 1.952E-04
The optimization may not converge with stop value 9.573E-05
The optimization may not converge with stop value 7.472E-05
The optimization may not converge with stop value 1.447E-04
The optimization may not converge with stop value 5.432E-05
The optimization may not converge with stop value 5.544E-05
The optimization may not converge with stop value 6.901E-05
The optimization may not converge with stop value 9.342E-05
The optimization may not converge with stop value 1.972E-04
The optimization may not converge with stop value 7.967E-05
The optimization may not converge with stop value 6.408E-05
The optimization may not converge with stop value 1.584E-04
The optimization may not converge with stop value 5.405E-05
The optimization may not converge with stop value 3.608E-04
The optimization may not converge with stop value 5.401E-05
The optimization may not converge with stop value 6.235E-05
The optimization may not converge with stop value 6.019E-05
The optimization may not converge with stop value 1.252E-04
The optimization may not converge with stop value 5.098E-05
The optimization may not converge with stop value 1.371E-04
The optimization may not converge with stop value 5.300E-05
The optimization may not converge with stop value 7.902E-05
The optimization may not converge with stop value 1.217E-04
The optimization may not converge with stop value 5.194E-05
The optimization may not converge with stop value 2.009E-04
The optimization may not converge with stop value 4.931E-04
The optimization may not converge with stop value 3.485E-04
The optimization may not converge with stop value 7.649E-05
The optimization may not converge with stop value 5.521E-05
The optimization may not converge with stop value 1.133E-04
The optimization may not converge with stop value 8.430E-05
The optimization may not converge with stop value 2.347E-04
The optimization may not converge with stop value 8.220E-05
The optimization may not converge with stop value 5.005E-05
The optimization may not converge with stop value 6.121E-05
The optimization may not converge with stop value 1.089E-04
The optimization may not converge with stop value 2.914E-04
The optimization may not converge with stop value 9.704E-05
The optimization may not converge with stop value 1.125E-04
The optimization may not converge with stop value 1.900E-04
The optimization may not converge with stop value 6.889E-05
The optimization may not converge with stop value 6.647E-05
The optimization may not converge with stop value 5.957E-05
The optimization may not converge with stop value 9.762E-05
The optimization may not converge with stop value 1.818E-04
The optimization may not converge with stop value 8.732E-05
The optimization may not converge with stop value 2.391E-04
The optimization may not converge with stop value 5.547E-05
The optimization may not converge with stop value 9.524E-05
The optimization may not converge with stop value 7.069E-05
The optimization may not converge with stop value 5.889E-05
The optimization may not converge with stop value 1.042E-04
The optimization may not converge with stop value 5.558E-05
The optimization may not converge with stop value 1.565E-04
The optimization may not converge with stop value 1.038E-04
The optimization may not converge with stop value 1.190E-04
The optimization may not converge with stop value 8.928E-05
The optimization may not converge with stop value 6.479E-05
The optimization may not converge with stop value 1.234E-04
The optimization may not converge with stop value 5.604E-05
The optimization may not converge with stop value 2.943E-04
The optimization may not converge with stop value 6.256E-05
The optimization may not converge with stop value 6.529E-05
The optimization may not converge with stop value 6.886E-05
The optimization may not converge with stop value 5.279E-04
The optimization may not converge with stop value 1.908E-04
The optimization may not converge with stop value 3.745E-04
The optimization may not converge with stop value 5.871E-05
The optimization may not converge with stop value 5.212E-05
The optimization may not converge with stop value 2.110E-04
The optimization may not converge with stop value 3.344E-04
The optimization may not converge with stop value 2.100E-04
The optimization may not converge with stop value 6.856E-05
The optimization may not converge with stop value 1.574E-04
The optimization may not converge with stop value 9.269E-05
The optimization may not converge with stop value 1.351E-04
The optimization may not converge with stop value 1.274E-04
The optimization may not converge with stop value 6.910E-05
The optimization may not converge with stop value 6.668E-05
The optimization may not converge with stop value 9.544E-05
The optimization may not converge with stop value 6.155E-05
The optimization may not converge with stop value 1.632E-04
The optimization may not converge with stop value 5.660E-05
The optimization may not converge with stop value 4.323E-04
The optimization may not converge with stop value 6.140E-05
The optimization may not converge with stop value 2.070E-04
The optimization may not converge with stop value 2.068E-04
The optimization may not converge with stop value 5.528E-05
The optimization may not converge with stop value 5.477E-05
The optimization may not converge with stop value 7.352E-05
The optimization may not converge with stop value 1.115E-04
The optimization may not converge with stop value 1.464E-04
The optimization may not converge with stop value 9.907E-05
The optimization may not converge with stop value 5.252E-05
The optimization may not converge with stop value 8.938E-05
The optimization may not converge with stop value 5.299E-05
The optimization may not converge with stop value 5.432E-04
The optimization may not converge with stop value 3.747E-04
The optimization may not converge with stop value 5.789E-05
The optimization may not converge with stop value 5.614E-05
The optimization may not converge with stop value 9.152E-05
The optimization may not converge with stop value 1.412E-04
The optimization may not converge with stop value 4.006E-04
The optimization may not converge with stop value 1.116E-04
The optimization may not converge with stop value 1.186E-04
The optimization may not converge with stop value 5.081E-05
The optimization may not converge with stop value 6.592E-05
The optimization may not converge with stop value 6.845E-05
The optimization may not converge with stop value 5.575E-05
The optimization may not converge with stop value 1.607E-04
The optimization may not converge with stop value 1.036E-04
The optimization may not converge with stop value 5.914E-05
The optimization may not converge with stop value 1.508E-04
The optimization may not converge with stop value 2.765E-04
The optimization may not converge with stop value 1.011E-04
The optimization may not converge with stop value 5.562E-05
The optimization may not converge with stop value 1.729E-04
The optimization may not converge with stop value 6.151E-05
The optimization may not converge with stop value 1.284E-04
The optimization may not converge with stop value 5.652E-05
The optimization may not converge with stop value 9.785E-05
The optimization may not converge with stop value 5.079E-05
The optimization may not converge with stop value 5.162E-05
The optimization may not converge with stop value 7.409E-04
The optimization may not converge with stop value 1.107E-04
The optimization may not converge with stop value 7.696E-05
The optimization may not converge with stop value 4.229E-04
The optimization may not converge with stop value 1.574E-04
The optimization may not converge with stop value 3.031E-04
The optimization may not converge with stop value 5.936E-05
The optimization may not converge with stop value 1.295E-04
The optimization may not converge with stop value 5.459E-05
The optimization may not converge with stop value 5.238E-05
The optimization may not converge with stop value 1.247E-04
The optimization may not converge with stop value 3.244E-04
The optimization may not converge with stop value 1.051E-04
The optimization may not converge with stop value 1.369E-04
The optimization may not converge with stop value 1.096E-04
The optimization may not converge with stop value 1.070E-04
The optimization may not converge with stop value 1.879E-04
The optimization may not converge with stop value 1.042E-04
The optimization may not converge with stop value 7.911E-05
The optimization may not converge with stop value 5.238E-05
The optimization may not converge with stop value 6.460E-05
The optimization may not converge with stop value 5.652E-05
The optimization may not converge with stop value 1.047E-04
The optimization may not converge with stop value 6.224E-05
The optimization may not converge with stop value 6.177E-05
The optimization may not converge with stop value 6.549E-05
The optimization may not converge with stop value 8.361E-05
The optimization may not converge with stop value 1.785E-04
The optimization may not converge with stop value 1.019E-04
The optimization may not converge with stop value 1.033E-04
The optimization may not converge with stop value 7.165E-05
The optimization may not converge with stop value 1.608E-04
The optimization may not converge with stop value 6.171E-05
The optimization may not converge with stop value 5.459E-05
The optimization may not converge with stop value 5.108E-05
The optimization may not converge with stop value 5.169E-05
The optimization may not converge with stop value 8.224E-05
The optimization may not converge with stop value 8.865E-05
The optimization may not converge with stop value 1.372E-04
The optimization may not converge with stop value 6.187E-05
The optimization may not converge with stop value 6.571E-05
The optimization may not converge with stop value 1.013E-04
The optimization may not converge with stop value 1.208E-04
The optimization may not converge with stop value 9.168E-05
The optimization may not converge with stop value 1.006E-04
The optimization may not converge with stop value 1.033E-04
The optimization may not converge with stop value 7.161E-05
The optimization may not converge with stop value 1.230E-04
The optimization may not converge with stop value 5.727E-05
The optimization may not converge with stop value 1.263E-04
The optimization may not converge with stop value 6.714E-05
The optimization may not converge with stop value 7.765E-05
The optimization may not converge with stop value 9.800E-05
The optimization may not converge with stop value 6.297E-05
The optimization may not converge with stop value 2.160E-04
The optimization may not converge with stop value 1.989E-04
The optimization may not converge with stop value 6.165E-05
The optimization may not converge with stop value 1.590E-04
The optimization may not converge with stop value 4.208E-04
The optimization may not converge with stop value 6.152E-05
The optimization may not converge with stop value 1.434E-04
The optimization may not converge with stop value 5.280E-05
The optimization may not converge with stop value 8.633E-05
The optimization may not converge with stop value 2.310E-04
The optimization may not converge with stop value 6.435E-05
The optimization may not converge with stop value 6.177E-05
The optimization may not converge with stop value 5.639E-05
The optimization may not converge with stop value 1.580E-04
The optimization may not converge with stop value 1.134E-04
The optimization may not converge with stop value 1.334E-04
The optimization may not converge with stop value 5.909E-05
The optimization may not converge with stop value 9.023E-05
The optimization may not converge with stop value 8.191E-05
The optimization may not converge with stop value 9.685E-05
The optimization may not converge with stop value 1.517E-04
The optimization may not converge with stop value 1.088E-04
The optimization may not converge with stop value 6.182E-05
The optimization may not converge with stop value 9.651E-05
The optimization may not converge with stop value 2.286E-04
The optimization may not converge with stop value 7.946E-05
The optimization may not converge with stop value 6.960E-05
The optimization may not converge with stop value 1.736E-04
The optimization may not converge with stop value 6.537E-05
The optimization may not converge with stop value 1.059E-04
The optimization may not converge with stop value 5.563E-05
The optimization may not converge with stop value 9.877E-05
The optimization may not converge with stop value 7.999E-05
The optimization may not converge with stop value 6.732E-05
The optimization may not converge with stop value 5.929E-05
The optimization may not converge with stop value 1.032E-04
The optimization may not converge with stop value 5.561E-05
The optimization may not converge with stop value 1.515E-04
The optimization may not converge with stop value 2.750E-04
The optimization may not converge with stop value 7.791E-05
The optimization may not converge with stop value 6.390E-05
The optimization may not converge with stop value 7.546E-05
The optimization may not converge with stop value 1.108E-04
The optimization may not converge with stop value 1.502E-04
The optimization may not converge with stop value 5.604E-05
==============================================================
job_number:                 9426173
exec_file:                  job_scripts/9426173
submission_time:            Mon Jun 19 14:43:04 2023
owner:                      hjin
uid:                        1646
group:                      rajlab
gid:                        1226
sge_o_home:                 /wynton/home/rajlab/hjin
sge_o_log_name:             hjin
sge_o_path:                 /salilab/diva1/home/anaconda/anaconda3/bin:/salilab/diva1/home/anaconda/anaconda3/condabin:/salilab/diva1/home/anaconda/py310-2023.03/bin:/opt/sge/bin:/opt/sge/bin/lx-amd64:/usr/local/bin:/usr/bin:/usr/local/sbin:/usr/sbin:/wynton/home/rajlab/hjin/.local/bin:/wynton/home/rajlab/hjin/bin
sge_o_shell:                /bin/bash
sge_o_workdir:              /wynton/home/rajlab/hjin/MyResearch/HDF/bash_scripts/wynton
sge_o_host:                 dev1
account:                    sge
cwd:                        /wynton/home/rajlab/hjin/MyResearch/HDF/bash_scripts/
stderr_path_list:           NONE:NONE:wynton/logs/Realdata_$JOB_NAME_$JOB_ID.err
hard resource_list:         rocky8=false,mem_free=2G,h_rt=172800,scratch=2G
mail_list:                  hjin@dev1.wynton.ucsf.edu
notify:                     FALSE
job_name:                   j40_N_no
stdout_path_list:           NONE:NONE:wynton/logs/Realdata_$JOB_NAME_$JOB_ID.out
jobshare:                   0
hard_queue_list:            !*gpu.q
shell_list:                 NONE:/bin/bash
env_list:                   TERM=NONE
script_file:                real_data_run.sh
parallel environment:  smp range: 30
project:                    surbecklab
binding:                    NONE
job_type:                   NONE
usage         1:            cpu=998:43:49, mem=1763600.77726 GB s, io=141.27653 GB, vmem=14.452G, maxvmem=29.674G
binding       1:            NONE
scheduling info:            (Collecting of scheduler job information is turned off)
